TpTrace Verbose: 0 : 32520, 1, 2023/02/02, 22:00:39.708, 487375722742, vstest.console.dll, Version: 17.4.0-release-20221019-01 Current process architecture: X64
TpTrace Verbose: 0 : 32520, 1, 2023/02/02, 22:00:39.712, 487375762390, vstest.console.dll, Runtime location: C:\Program Files\dotnet\shared\Microsoft.NETCore.App\7.0.0
TpTrace Verbose: 0 : 32520, 1, 2023/02/02, 22:00:39.720, 487375840806, vstest.console.dll, ArtifactProcessingPostProcessModeProcessorExecutor.Initialize: ArtifactProcessingMode.Collect
TpTrace Verbose: 0 : 32520, 1, 2023/02/02, 22:00:39.720, 487375843298, vstest.console.dll, TestSessionCorrelationIdProcessorModeProcessorExecutor.Initialize: TestSessionCorrelationId '26460_16718f4d-9c69-47c0-b23b-48f8d3fad2c8'
TpTrace Information: 0 : 32520, 1, 2023/02/02, 22:00:39.737, 487376007954, vstest.console.dll, FilePatternParser: The given file C:\Users\CarlosGamboa\Development\apps\Jukebox\Jukebox.Test\bin\Debug\net7.0\fine-code-coverage\build-output\DigitalJukebox.Domain.Test.dll is a full path.
TpTrace Verbose: 0 : 32520, 1, 2023/02/02, 22:00:39.754, 487376177019, vstest.console.dll, TestPluginCache.DiscoverTestExtensions: finding test extensions in assemblies ends with: RuntimeProvider.dll TPluginInfo: Microsoft.VisualStudio.TestPlatform.Common.ExtensionFramework.Utilities.TestRuntimePluginInformation TExtension: Microsoft.VisualStudio.TestPlatform.ObjectModel.Host.ITestRuntimeProvider
TpTrace Verbose: 0 : 32520, 1, 2023/02/02, 22:00:39.754, 487376180715, vstest.console.dll, TestPluginCache.GetExtensionPaths: Filtered extension paths: 
TpTrace Verbose: 0 : 32520, 1, 2023/02/02, 22:00:39.754, 487376182116, vstest.console.dll, TestPluginCache.GetExtensionPaths: Added default extension paths: C:\Program Files\dotnet\sdk\7.0.100\Extensions\Microsoft.Diagnostics.NETCore.Client.dll
C:\Program Files\dotnet\sdk\7.0.100\Extensions\Microsoft.TestPlatform.Extensions.BlameDataCollector.dll
C:\Program Files\dotnet\sdk\7.0.100\Extensions\Microsoft.TestPlatform.Extensions.EventLogCollector.dll
C:\Program Files\dotnet\sdk\7.0.100\Extensions\Microsoft.TestPlatform.TestHostRuntimeProvider.dll
C:\Program Files\dotnet\sdk\7.0.100\Extensions\Microsoft.VisualStudio.TestPlatform.Extensions.Html.TestLogger.dll
C:\Program Files\dotnet\sdk\7.0.100\Extensions\Microsoft.VisualStudio.TestPlatform.Extensions.Trx.TestLogger.dll
TpTrace Verbose: 0 : 32520, 1, 2023/02/02, 22:00:39.754, 487376182772, vstest.console.dll, TestPluginCache.GetExtensionPaths: Added unfilterableExtensionPaths: 
TpTrace Information: 0 : 32520, 1, 2023/02/02, 22:00:39.755, 487376195546, vstest.console.dll, AssemblyResolver.ctor: Creating AssemblyResolver with searchDirectories C:\Program Files\dotnet\sdk\7.0.100\Extensions,C:\Program Files\dotnet\sdk\7.0.100
TpTrace Verbose: 0 : 32520, 1, 2023/02/02, 22:00:39.758, 487376216849, vstest.console.dll, TestPluginCache.DiscoverTestExtensions: Discovering the extensions using extension path.
TpTrace Verbose: 0 : 32520, 1, 2023/02/02, 22:00:39.758, 487376218938, vstest.console.dll, TestPluginCache.GetExtensionPaths: Filtered extension paths: 
TpTrace Verbose: 0 : 32520, 1, 2023/02/02, 22:00:39.758, 487376219843, vstest.console.dll, TestPluginCache.GetExtensionPaths: Added default extension paths: C:\Program Files\dotnet\sdk\7.0.100\Extensions\Microsoft.Diagnostics.NETCore.Client.dll
C:\Program Files\dotnet\sdk\7.0.100\Extensions\Microsoft.TestPlatform.Extensions.BlameDataCollector.dll
C:\Program Files\dotnet\sdk\7.0.100\Extensions\Microsoft.TestPlatform.Extensions.EventLogCollector.dll
C:\Program Files\dotnet\sdk\7.0.100\Extensions\Microsoft.TestPlatform.TestHostRuntimeProvider.dll
C:\Program Files\dotnet\sdk\7.0.100\Extensions\Microsoft.VisualStudio.TestPlatform.Extensions.Html.TestLogger.dll
C:\Program Files\dotnet\sdk\7.0.100\Extensions\Microsoft.VisualStudio.TestPlatform.Extensions.Trx.TestLogger.dll
TpTrace Verbose: 0 : 32520, 1, 2023/02/02, 22:00:39.758, 487376220392, vstest.console.dll, TestPluginCache.GetExtensionPaths: Added unfilterableExtensionPaths: 
TpTrace Verbose: 0 : 32520, 1, 2023/02/02, 22:00:39.758, 487376221949, vstest.console.dll, TestPluginCache.DiscoverTestExtensions: Discovering the extensions using allExtensionPaths: C:\Program Files\dotnet\sdk\7.0.100\Extensions\Microsoft.Diagnostics.NETCore.Client.dll
C:\Program Files\dotnet\sdk\7.0.100\Extensions\Microsoft.TestPlatform.Extensions.BlameDataCollector.dll
C:\Program Files\dotnet\sdk\7.0.100\Extensions\Microsoft.TestPlatform.Extensions.EventLogCollector.dll
C:\Program Files\dotnet\sdk\7.0.100\Extensions\Microsoft.TestPlatform.TestHostRuntimeProvider.dll
C:\Program Files\dotnet\sdk\7.0.100\Extensions\Microsoft.VisualStudio.TestPlatform.Extensions.Html.TestLogger.dll
C:\Program Files\dotnet\sdk\7.0.100\Extensions\Microsoft.VisualStudio.TestPlatform.Extensions.Trx.TestLogger.dll
TpTrace Information: 0 : 32520, 1, 2023/02/02, 22:00:39.758, 487376224231, vstest.console.dll, AssemblyResolver.AddSearchDirectories: Adding more searchDirectories C:\Program Files\dotnet\sdk\7.0.100\Extensions,C:\Program Files\dotnet\sdk\7.0.100
TpTrace Information: 0 : 32520, 1, 2023/02/02, 22:00:39.758, 487376225112, vstest.console.dll, AssemblyResolver.AddSearchDirectories: Adding more searchDirectories C:\Program Files\dotnet\sdk\7.0.100\Extensions,C:\Program Files\dotnet\sdk\7.0.100
TpTrace Information: 0 : 32520, 1, 2023/02/02, 22:00:39.758, 487376225696, vstest.console.dll, AssemblyResolver.AddSearchDirectories: Adding more searchDirectories C:\Program Files\dotnet\sdk\7.0.100\Extensions,C:\Program Files\dotnet\sdk\7.0.100
TpTrace Information: 0 : 32520, 1, 2023/02/02, 22:00:39.759, 487376226244, vstest.console.dll, AssemblyResolver.AddSearchDirectories: Adding more searchDirectories C:\Program Files\dotnet\sdk\7.0.100\Extensions,C:\Program Files\dotnet\sdk\7.0.100
TpTrace Information: 0 : 32520, 1, 2023/02/02, 22:00:39.759, 487376226779, vstest.console.dll, AssemblyResolver.AddSearchDirectories: Adding more searchDirectories C:\Program Files\dotnet\sdk\7.0.100\Extensions,C:\Program Files\dotnet\sdk\7.0.100
TpTrace Information: 0 : 32520, 1, 2023/02/02, 22:00:39.759, 487376227225, vstest.console.dll, AssemblyResolver.AddSearchDirectories: Adding more searchDirectories C:\Program Files\dotnet\sdk\7.0.100\Extensions,C:\Program Files\dotnet\sdk\7.0.100
TpTrace Information: 0 : 32520, 1, 2023/02/02, 22:00:39.759, 487376233418, vstest.console.dll, AssemblyResolver.OnResolve: Microsoft.Diagnostics.NETCore.Client: Resolving assembly.
TpTrace Information: 0 : 32520, 1, 2023/02/02, 22:00:39.759, 487376234607, vstest.console.dll, AssemblyResolver.OnResolve: Microsoft.Diagnostics.NETCore.Client: Searching in: 'C:\Program Files\dotnet\sdk\7.0.100\Extensions'.
TpTrace Information: 0 : 32520, 1, 2023/02/02, 22:00:39.778, 487376416173, vstest.console.dll, AssemblyResolver.OnResolve: Microsoft.Diagnostics.NETCore.Client: Loading assembly 'C:\Program Files\dotnet\sdk\7.0.100\Extensions\Microsoft.Diagnostics.NETCore.Client.dll'.
TpTrace Information: 0 : 32520, 1, 2023/02/02, 22:00:39.781, 487376455041, vstest.console.dll, AssemblyResolver.OnResolve: Resolved assembly: Microsoft.Diagnostics.NETCore.Client, from path: C:\Program Files\dotnet\sdk\7.0.100\Extensions\Microsoft.Diagnostics.NETCore.Client.dll
TpTrace Verbose: 0 : 32520, 1, 2023/02/02, 22:00:39.784, 487376478594, vstest.console.dll, MetadataReaderExtensionsHelper: Discovering extensions inside assembly 'Microsoft.Diagnostics.NETCore.Client, Version=0.2.6.42401, Culture=neutral, PublicKeyToken=31bf3856ad364e35' file path 'C:\Program Files\dotnet\sdk\7.0.100\Extensions\Microsoft.Diagnostics.NETCore.Client.dll'
TpTrace Information: 0 : 32520, 1, 2023/02/02, 22:00:39.791, 487376553140, vstest.console.dll, AssemblyResolver.OnResolve: Microsoft.Bcl.AsyncInterfaces: Resolving assembly.
TpTrace Information: 0 : 32520, 1, 2023/02/02, 22:00:39.791, 487376554617, vstest.console.dll, AssemblyResolver.OnResolve: Microsoft.Bcl.AsyncInterfaces: Searching in: 'C:\Program Files\dotnet\sdk\7.0.100\Extensions'.
TpTrace Information: 0 : 32520, 1, 2023/02/02, 22:00:39.792, 487376556055, vstest.console.dll, AssemblyResolver.OnResolve: Microsoft.Bcl.AsyncInterfaces: Assembly path does not exist: 'C:\Program Files\dotnet\sdk\7.0.100\Extensions\Microsoft.Bcl.AsyncInterfaces.dll', returning.
TpTrace Information: 0 : 32520, 1, 2023/02/02, 22:00:39.792, 487376560930, vstest.console.dll, AssemblyResolver.OnResolve: Microsoft.Bcl.AsyncInterfaces: Assembly path does not exist: 'C:\Program Files\dotnet\sdk\7.0.100\Extensions\Microsoft.Bcl.AsyncInterfaces.exe', returning.
TpTrace Information: 0 : 32520, 1, 2023/02/02, 22:00:39.792, 487376562854, vstest.console.dll, AssemblyResolver.OnResolve: Microsoft.Bcl.AsyncInterfaces: Searching in: 'C:\Program Files\dotnet\sdk\7.0.100'.
TpTrace Information: 0 : 32520, 1, 2023/02/02, 22:00:39.793, 487376566255, vstest.console.dll, AssemblyResolver.OnResolve: Microsoft.Bcl.AsyncInterfaces: Assembly path does not exist: 'C:\Program Files\dotnet\sdk\7.0.100\Microsoft.Bcl.AsyncInterfaces.dll', returning.
TpTrace Information: 0 : 32520, 1, 2023/02/02, 22:00:39.793, 487376568351, vstest.console.dll, AssemblyResolver.OnResolve: Microsoft.Bcl.AsyncInterfaces: Assembly path does not exist: 'C:\Program Files\dotnet\sdk\7.0.100\Microsoft.Bcl.AsyncInterfaces.exe', returning.
TpTrace Information: 0 : 32520, 1, 2023/02/02, 22:00:39.793, 487376569310, vstest.console.dll, AssemblyResolver.OnResolve: Microsoft.Bcl.AsyncInterfaces: Failed to load assembly.
TpTrace Verbose: 0 : 32520, 1, 2023/02/02, 22:00:39.793, 487376570373, vstest.console.dll, CurrentDomainAssemblyResolve: Resolving assembly 'Microsoft.Bcl.AsyncInterfaces'.
TpTrace Information: 0 : 32520, 1, 2023/02/02, 22:00:39.793, 487376572147, vstest.console.dll, AssemblyResolver.OnResolve: Microsoft.Bcl.AsyncInterfaces: Resolving assembly.
TpTrace Information: 0 : 32520, 1, 2023/02/02, 22:00:39.793, 487376573126, vstest.console.dll, AssemblyResolver.OnResolve: Microsoft.Bcl.AsyncInterfaces: Resolved from cache.
TpTrace Verbose: 0 : 32520, 1, 2023/02/02, 22:00:39.793, 487376573737, vstest.console.dll, CurrentDomainAssemblyResolve: Resolving assembly 'Microsoft.Bcl.AsyncInterfaces'.
TpTrace Verbose: 0 : 32520, 1, 2023/02/02, 22:00:39.793, 487376574449, vstest.console.dll, CurrentDomainAssemblyResolve: Failed to resolve assembly 'Microsoft.Bcl.AsyncInterfaces'.
TpTrace Verbose: 0 : 32520, 1, 2023/02/02, 22:00:39.805, 487376691283, vstest.console.dll, CurrentDomainAssemblyResolve: Failed to resolve assembly 'Microsoft.Bcl.AsyncInterfaces'.
TpTrace Warning: 0 : 32520, 1, 2023/02/02, 22:00:39.828, 487376924603, vstest.console.dll, TestPluginDiscoverer: Failed to get types from assembly 'Microsoft.Diagnostics.NETCore.Client, Version=0.2.6.42401, Culture=neutral, PublicKeyToken=31bf3856ad364e35'. Error: System.Reflection.ReflectionTypeLoadException: Unable to load one or more of the requested types.
Could not load file or assembly 'Microsoft.Bcl.AsyncInterfaces, Version=1.0.0.0, Culture=neutral, PublicKeyToken=cc7b13ffcd2ddd51'. The system cannot find the file specified.
   at System.Reflection.RuntimeModule.GetTypes(RuntimeModule module)
   at System.Reflection.Assembly.GetTypes()
   at Microsoft.VisualStudio.TestPlatform.Common.ExtensionFramework.TestPluginDiscoverer.GetTestExtensionsFromAssembly[TPluginInfo,TExtension](Assembly assembly, Dictionary`2 pluginInfos, String filePath)
System.IO.FileNotFoundException: Could not load file or assembly 'Microsoft.Bcl.AsyncInterfaces, Version=1.0.0.0, Culture=neutral, PublicKeyToken=cc7b13ffcd2ddd51'. The system cannot find the file specified.
File name: 'Microsoft.Bcl.AsyncInterfaces, Version=1.0.0.0, Culture=neutral, PublicKeyToken=cc7b13ffcd2ddd51'
 ---> System.IO.FileNotFoundException: Could not load file or assembly 'Microsoft.Bcl.AsyncInterfaces, Culture=neutral, PublicKeyToken=null'. The system cannot find the file specified.
File name: 'Microsoft.Bcl.AsyncInterfaces, Culture=neutral, PublicKeyToken=null'
   at System.Reflection.RuntimeAssembly.InternalLoad(AssemblyName assemblyName, StackCrawlMark& stackMark, AssemblyLoadContext assemblyLoadContext, RuntimeAssembly requestingAssembly, Boolean throwOnFileNotFound)
   at System.Reflection.Assembly.Load(AssemblyName assemblyRef)
   at Microsoft.VisualStudio.TestPlatform.Common.ExtensionFramework.TestPluginCache.CurrentDomainAssemblyResolve(Object sender, AssemblyResolveEventArgs args)
   at System.Runtime.Loader.AssemblyLoadContext.GetFirstResolvedAssemblyFromResolvingEvent(AssemblyName assemblyName)
   at System.Runtime.Loader.AssemblyLoadContext.ResolveUsingEvent(AssemblyName assemblyName)
   at System.Runtime.Loader.AssemblyLoadContext.ResolveUsingResolvingEvent(IntPtr gchManagedAssemblyLoadContext, AssemblyName assemblyName)
TpTrace Warning: 0 : 32520, 1, 2023/02/02, 22:00:39.829, 487376934091, vstest.console.dll, LoaderExceptions: System.IO.FileNotFoundException: Could not load file or assembly 'Microsoft.Bcl.AsyncInterfaces, Version=1.0.0.0, Culture=neutral, PublicKeyToken=cc7b13ffcd2ddd51'. The system cannot find the file specified.
File name: 'Microsoft.Bcl.AsyncInterfaces, Version=1.0.0.0, Culture=neutral, PublicKeyToken=cc7b13ffcd2ddd51'
 ---> System.IO.FileNotFoundException: Could not load file or assembly 'Microsoft.Bcl.AsyncInterfaces, Culture=neutral, PublicKeyToken=null'. The system cannot find the file specified.
File name: 'Microsoft.Bcl.AsyncInterfaces, Culture=neutral, PublicKeyToken=null'
   at System.Reflection.RuntimeAssembly.InternalLoad(AssemblyName assemblyName, StackCrawlMark& stackMark, AssemblyLoadContext assemblyLoadContext, RuntimeAssembly requestingAssembly, Boolean throwOnFileNotFound)
   at System.Reflection.Assembly.Load(AssemblyName assemblyRef)
   at Microsoft.VisualStudio.TestPlatform.Common.ExtensionFramework.TestPluginCache.CurrentDomainAssemblyResolve(Object sender, AssemblyResolveEventArgs args)
   at System.Runtime.Loader.AssemblyLoadContext.GetFirstResolvedAssemblyFromResolvingEvent(AssemblyName assemblyName)
   at System.Runtime.Loader.AssemblyLoadContext.ResolveUsingEvent(AssemblyName assemblyName)
   at System.Runtime.Loader.AssemblyLoadContext.ResolveUsingResolvingEvent(IntPtr gchManagedAssemblyLoadContext, AssemblyName assemblyName)
TpTrace Information: 0 : 32520, 1, 2023/02/02, 22:00:39.830, 487376937961, vstest.console.dll, AssemblyResolver.OnResolve: Microsoft.TestPlatform.Extensions.BlameDataCollector: Resolving assembly.
TpTrace Information: 0 : 32520, 1, 2023/02/02, 22:00:39.830, 487376938954, vstest.console.dll, AssemblyResolver.OnResolve: Microsoft.TestPlatform.Extensions.BlameDataCollector: Searching in: 'C:\Program Files\dotnet\sdk\7.0.100\Extensions'.
TpTrace Information: 0 : 32520, 1, 2023/02/02, 22:00:39.832, 487376959249, vstest.console.dll, AssemblyResolver.OnResolve: Microsoft.TestPlatform.Extensions.BlameDataCollector: Loading assembly 'C:\Program Files\dotnet\sdk\7.0.100\Extensions\Microsoft.TestPlatform.Extensions.BlameDataCollector.dll'.
TpTrace Information: 0 : 32520, 1, 2023/02/02, 22:00:39.834, 487376981014, vstest.console.dll, AssemblyResolver.OnResolve: Resolved assembly: Microsoft.TestPlatform.Extensions.BlameDataCollector, from path: C:\Program Files\dotnet\sdk\7.0.100\Extensions\Microsoft.TestPlatform.Extensions.BlameDataCollector.dll
TpTrace Verbose: 0 : 32520, 1, 2023/02/02, 22:00:39.834, 487376984173, vstest.console.dll, MetadataReaderExtensionsHelper: Discovering extensions inside assembly 'Microsoft.TestPlatform.Extensions.BlameDataCollector, Version=15.0.0.0, Culture=neutral, PublicKeyToken=b03f5f7f11d50a3a' file path 'C:\Program Files\dotnet\sdk\7.0.100\Extensions\Microsoft.TestPlatform.Extensions.BlameDataCollector.dll'
TpTrace Information: 0 : 32520, 1, 2023/02/02, 22:00:39.838, 487377021827, vstest.console.dll, AssemblyResolver.OnResolve: Microsoft.TestPlatform.Extensions.EventLogCollector: Resolving assembly.
TpTrace Information: 0 : 32520, 1, 2023/02/02, 22:00:39.838, 487377023260, vstest.console.dll, AssemblyResolver.OnResolve: Microsoft.TestPlatform.Extensions.EventLogCollector: Searching in: 'C:\Program Files\dotnet\sdk\7.0.100\Extensions'.
TpTrace Information: 0 : 32520, 1, 2023/02/02, 22:00:39.839, 487377033041, vstest.console.dll, AssemblyResolver.OnResolve: Microsoft.TestPlatform.Extensions.EventLogCollector: Loading assembly 'C:\Program Files\dotnet\sdk\7.0.100\Extensions\Microsoft.TestPlatform.Extensions.EventLogCollector.dll'.
TpTrace Information: 0 : 32520, 1, 2023/02/02, 22:00:39.841, 487377048049, vstest.console.dll, AssemblyResolver.OnResolve: Resolved assembly: Microsoft.TestPlatform.Extensions.EventLogCollector, from path: C:\Program Files\dotnet\sdk\7.0.100\Extensions\Microsoft.TestPlatform.Extensions.EventLogCollector.dll
TpTrace Verbose: 0 : 32520, 1, 2023/02/02, 22:00:39.841, 487377049819, vstest.console.dll, MetadataReaderExtensionsHelper: Discovering extensions inside assembly 'Microsoft.TestPlatform.Extensions.EventLogCollector, Version=15.0.0.0, Culture=neutral, PublicKeyToken=b03f5f7f11d50a3a' file path 'C:\Program Files\dotnet\sdk\7.0.100\Extensions\Microsoft.TestPlatform.Extensions.EventLogCollector.dll'
TpTrace Information: 0 : 32520, 1, 2023/02/02, 22:00:39.845, 487377089826, vstest.console.dll, AssemblyResolver.OnResolve: Microsoft.TestPlatform.TestHostRuntimeProvider: Resolving assembly.
TpTrace Information: 0 : 32520, 1, 2023/02/02, 22:00:39.845, 487377091834, vstest.console.dll, AssemblyResolver.OnResolve: Microsoft.TestPlatform.TestHostRuntimeProvider: Searching in: 'C:\Program Files\dotnet\sdk\7.0.100\Extensions'.
TpTrace Information: 0 : 32520, 1, 2023/02/02, 22:00:39.846, 487377105507, vstest.console.dll, AssemblyResolver.OnResolve: Microsoft.TestPlatform.TestHostRuntimeProvider: Loading assembly 'C:\Program Files\dotnet\sdk\7.0.100\Extensions\Microsoft.TestPlatform.TestHostRuntimeProvider.dll'.
TpTrace Information: 0 : 32520, 1, 2023/02/02, 22:00:39.848, 487377125200, vstest.console.dll, AssemblyResolver.OnResolve: Resolved assembly: Microsoft.TestPlatform.TestHostRuntimeProvider, from path: C:\Program Files\dotnet\sdk\7.0.100\Extensions\Microsoft.TestPlatform.TestHostRuntimeProvider.dll
TpTrace Verbose: 0 : 32520, 1, 2023/02/02, 22:00:39.849, 487377127059, vstest.console.dll, MetadataReaderExtensionsHelper: Discovering extensions inside assembly 'Microsoft.TestPlatform.TestHostRuntimeProvider, Version=15.0.0.0, Culture=neutral, PublicKeyToken=b03f5f7f11d50a3a' file path 'C:\Program Files\dotnet\sdk\7.0.100\Extensions\Microsoft.TestPlatform.TestHostRuntimeProvider.dll'
TpTrace Information: 0 : 32520, 1, 2023/02/02, 22:00:39.852, 487377165702, vstest.console.dll, GetTestExtensionFromType: Register extension with identifier data 'HostProvider://DefaultTestHost' and type 'Microsoft.VisualStudio.TestPlatform.CrossPlatEngine.Hosting.DefaultTestHostManager, Microsoft.TestPlatform.TestHostRuntimeProvider, Version=15.0.0.0, Culture=neutral, PublicKeyToken=b03f5f7f11d50a3a' inside file 'C:\Program Files\dotnet\sdk\7.0.100\Extensions\Microsoft.TestPlatform.TestHostRuntimeProvider.dll'
TpTrace Information: 0 : 32520, 1, 2023/02/02, 22:00:39.853, 487377169953, vstest.console.dll, GetTestExtensionFromType: Register extension with identifier data 'HostProvider://DotnetTestHost' and type 'Microsoft.VisualStudio.TestPlatform.CrossPlatEngine.Hosting.DotnetTestHostManager, Microsoft.TestPlatform.TestHostRuntimeProvider, Version=15.0.0.0, Culture=neutral, PublicKeyToken=b03f5f7f11d50a3a' inside file 'C:\Program Files\dotnet\sdk\7.0.100\Extensions\Microsoft.TestPlatform.TestHostRuntimeProvider.dll'
TpTrace Information: 0 : 32520, 1, 2023/02/02, 22:00:39.853, 487377171342, vstest.console.dll, AssemblyResolver.OnResolve: Microsoft.VisualStudio.TestPlatform.Extensions.Html.TestLogger: Resolving assembly.
TpTrace Information: 0 : 32520, 1, 2023/02/02, 22:00:39.853, 487377172177, vstest.console.dll, AssemblyResolver.OnResolve: Microsoft.VisualStudio.TestPlatform.Extensions.Html.TestLogger: Searching in: 'C:\Program Files\dotnet\sdk\7.0.100\Extensions'.
TpTrace Information: 0 : 32520, 1, 2023/02/02, 22:00:39.854, 487377185719, vstest.console.dll, AssemblyResolver.OnResolve: Microsoft.VisualStudio.TestPlatform.Extensions.Html.TestLogger: Loading assembly 'C:\Program Files\dotnet\sdk\7.0.100\Extensions\Microsoft.VisualStudio.TestPlatform.Extensions.Html.TestLogger.dll'.
TpTrace Information: 0 : 32520, 1, 2023/02/02, 22:00:39.856, 487377201931, vstest.console.dll, AssemblyResolver.OnResolve: Resolved assembly: Microsoft.VisualStudio.TestPlatform.Extensions.Html.TestLogger, from path: C:\Program Files\dotnet\sdk\7.0.100\Extensions\Microsoft.VisualStudio.TestPlatform.Extensions.Html.TestLogger.dll
TpTrace Verbose: 0 : 32520, 1, 2023/02/02, 22:00:39.856, 487377203790, vstest.console.dll, MetadataReaderExtensionsHelper: Discovering extensions inside assembly 'Microsoft.VisualStudio.TestPlatform.Extensions.Html.TestLogger, Version=15.0.0.0, Culture=neutral, PublicKeyToken=b03f5f7f11d50a3a' file path 'C:\Program Files\dotnet\sdk\7.0.100\Extensions\Microsoft.VisualStudio.TestPlatform.Extensions.Html.TestLogger.dll'
TpTrace Information: 0 : 32520, 1, 2023/02/02, 22:00:39.858, 487377220262, vstest.console.dll, AssemblyResolver.OnResolve: Microsoft.VisualStudio.TestPlatform.Extensions.Trx.TestLogger: Resolving assembly.
TpTrace Information: 0 : 32520, 1, 2023/02/02, 22:00:39.858, 487377221824, vstest.console.dll, AssemblyResolver.OnResolve: Microsoft.VisualStudio.TestPlatform.Extensions.Trx.TestLogger: Searching in: 'C:\Program Files\dotnet\sdk\7.0.100\Extensions'.
TpTrace Information: 0 : 32520, 1, 2023/02/02, 22:00:39.860, 487377241855, vstest.console.dll, AssemblyResolver.OnResolve: Microsoft.VisualStudio.TestPlatform.Extensions.Trx.TestLogger: Loading assembly 'C:\Program Files\dotnet\sdk\7.0.100\Extensions\Microsoft.VisualStudio.TestPlatform.Extensions.Trx.TestLogger.dll'.
TpTrace Information: 0 : 32520, 1, 2023/02/02, 22:00:39.863, 487377268825, vstest.console.dll, AssemblyResolver.OnResolve: Resolved assembly: Microsoft.VisualStudio.TestPlatform.Extensions.Trx.TestLogger, from path: C:\Program Files\dotnet\sdk\7.0.100\Extensions\Microsoft.VisualStudio.TestPlatform.Extensions.Trx.TestLogger.dll
TpTrace Verbose: 0 : 32520, 1, 2023/02/02, 22:00:39.863, 487377273718, vstest.console.dll, MetadataReaderExtensionsHelper: Discovering extensions inside assembly 'Microsoft.VisualStudio.TestPlatform.Extensions.Trx.TestLogger, Version=15.0.0.0, Culture=neutral, PublicKeyToken=b03f5f7f11d50a3a' file path 'C:\Program Files\dotnet\sdk\7.0.100\Extensions\Microsoft.VisualStudio.TestPlatform.Extensions.Trx.TestLogger.dll'
TpTrace Verbose: 0 : 32520, 1, 2023/02/02, 22:00:39.866, 487377305338, vstest.console.dll, TestPluginCache: Discovered the extensions using extension path ''.
TpTrace Verbose: 0 : 32520, 1, 2023/02/02, 22:00:39.867, 487377307153, vstest.console.dll, TestPluginCache: Discoverers are ''.
TpTrace Verbose: 0 : 32520, 1, 2023/02/02, 22:00:39.867, 487377307866, vstest.console.dll, TestPluginCache: Executors are ''.
TpTrace Verbose: 0 : 32520, 1, 2023/02/02, 22:00:39.867, 487377308515, vstest.console.dll, TestPluginCache: Executors2 are ''.
TpTrace Verbose: 0 : 32520, 1, 2023/02/02, 22:00:39.867, 487377309161, vstest.console.dll, TestPluginCache: Setting providers are ''.
TpTrace Verbose: 0 : 32520, 1, 2023/02/02, 22:00:39.867, 487377309743, vstest.console.dll, TestPluginCache: Loggers are ''.
TpTrace Verbose: 0 : 32520, 1, 2023/02/02, 22:00:39.867, 487377311949, vstest.console.dll, TestPluginCache: TestHosts are 'HostProvider://DefaultTestHost,HostProvider://DotnetTestHost'.
TpTrace Verbose: 0 : 32520, 1, 2023/02/02, 22:00:39.867, 487377312954, vstest.console.dll, TestPluginCache: DataCollectors are ''.
TpTrace Information: 0 : 32520, 1, 2023/02/02, 22:00:39.907, 487377711077, vstest.console.dll, RunTestsArgumentProcessor:Execute: Test run is starting.
TpTrace Verbose: 0 : 32520, 1, 2023/02/02, 22:00:39.907, 487377713070, vstest.console.dll, RunTestsArgumentProcessor:Execute: Queuing Test run.
TpTrace Information: 0 : 32520, 1, 2023/02/02, 22:00:39.908, 487377718107, vstest.console.dll, TestRequestManager.RunTests: run tests started.
TpTrace Information: 0 : 32520, 1, 2023/02/02, 22:00:39.910, 487377743059, vstest.console.dll, AssemblyMetadataProvider.GetFrameworkName: Determined framework:'.NETCoreApp,Version=v7.0' for source: 'C:\Users\CarlosGamboa\Development\apps\Jukebox\Jukebox.Test\bin\Debug\net7.0\fine-code-coverage\build-output\DigitalJukebox.Domain.Test.dll'
TpTrace Information: 0 : 32520, 1, 2023/02/02, 22:00:39.911, 487377747003, vstest.console.dll, Determined framework for all sources: .NETCoreApp,Version=v7.0
TpTrace Verbose: 0 : 32520, 1, 2023/02/02, 22:00:39.912, 487377758256, vstest.console.dll, TestRequestManager.UpdateRunSettingsIfRequired: Default architecture: X64 IsDefaultTargetArchitecture: True, Current process architecture: X64 OperatingSystem: Windows.
TpTrace Information: 0 : 32520, 1, 2023/02/02, 22:00:39.916, 487377803308, vstest.console.dll, AssemblyMetadataProvider.GetArchitecture: Determined architecture:AnyCPU info for assembly: C:\Users\CarlosGamboa\Development\apps\Jukebox\Jukebox.Test\bin\Debug\net7.0\fine-code-coverage\build-output\DigitalJukebox.Domain.Test.dll
TpTrace Information: 0 : 32520, 1, 2023/02/02, 22:00:39.916, 487377805424, vstest.console.dll, Determined platform for source 'C:\Users\CarlosGamboa\Development\apps\Jukebox\Jukebox.Test\bin\Debug\net7.0\fine-code-coverage\build-output\DigitalJukebox.Domain.Test.dll' was AnyCPU and it will use the default plaform X64.
TpTrace Information: 0 : 32520, 1, 2023/02/02, 22:00:39.917, 487377806305, vstest.console.dll, None of the sources provided any runnable platform, using the default platform: X64
TpTrace Information: 0 : 32520, 1, 2023/02/02, 22:00:39.917, 487377808706, vstest.console.dll, Platform was updated to 'X64'.
TpTrace Information: 0 : 32520, 1, 2023/02/02, 22:00:39.927, 487377911794, vstest.console.dll, InferRunSettingsHelper.IsTestSettingsEnabled: Unable to navigate to RunSettings/MSTest. Current node: RunSettings
TpTrace Information: 0 : 32520, 1, 2023/02/02, 22:00:39.929, 487377929439, vstest.console.dll, AssemblyResolver.OnResolve: Microsoft.VisualStudio.TestPlatform.Fakes: Resolving assembly.
TpTrace Information: 0 : 32520, 1, 2023/02/02, 22:00:39.929, 487377931255, vstest.console.dll, AssemblyResolver.OnResolve: Microsoft.VisualStudio.TestPlatform.Fakes: Searching in: 'C:\Program Files\dotnet\sdk\7.0.100\Extensions'.
TpTrace Information: 0 : 32520, 1, 2023/02/02, 22:00:39.929, 487377933245, vstest.console.dll, AssemblyResolver.OnResolve: Microsoft.VisualStudio.TestPlatform.Fakes: Assembly path does not exist: 'C:\Program Files\dotnet\sdk\7.0.100\Extensions\Microsoft.VisualStudio.TestPlatform.Fakes.dll', returning.
TpTrace Information: 0 : 32520, 1, 2023/02/02, 22:00:39.929, 487377934700, vstest.console.dll, AssemblyResolver.OnResolve: Microsoft.VisualStudio.TestPlatform.Fakes: Assembly path does not exist: 'C:\Program Files\dotnet\sdk\7.0.100\Extensions\Microsoft.VisualStudio.TestPlatform.Fakes.exe', returning.
TpTrace Information: 0 : 32520, 1, 2023/02/02, 22:00:39.929, 487377935724, vstest.console.dll, AssemblyResolver.OnResolve: Microsoft.VisualStudio.TestPlatform.Fakes: Searching in: 'C:\Program Files\dotnet\sdk\7.0.100'.
TpTrace Information: 0 : 32520, 1, 2023/02/02, 22:00:39.930, 487377937194, vstest.console.dll, AssemblyResolver.OnResolve: Microsoft.VisualStudio.TestPlatform.Fakes: Assembly path does not exist: 'C:\Program Files\dotnet\sdk\7.0.100\Microsoft.VisualStudio.TestPlatform.Fakes.dll', returning.
TpTrace Information: 0 : 32520, 1, 2023/02/02, 22:00:39.930, 487377938957, vstest.console.dll, AssemblyResolver.OnResolve: Microsoft.VisualStudio.TestPlatform.Fakes: Assembly path does not exist: 'C:\Program Files\dotnet\sdk\7.0.100\Microsoft.VisualStudio.TestPlatform.Fakes.exe', returning.
TpTrace Information: 0 : 32520, 1, 2023/02/02, 22:00:39.930, 487377940031, vstest.console.dll, AssemblyResolver.OnResolve: Microsoft.VisualStudio.TestPlatform.Fakes: Failed to load assembly.
TpTrace Information: 0 : 32520, 1, 2023/02/02, 22:00:39.931, 487377949737, vstest.console.dll, Failed to load assembly Microsoft.VisualStudio.TestPlatform.Fakes, Version=17.0.0.0, Culture=neutral. Reason:System.IO.FileNotFoundException: Could not load file or assembly 'Microsoft.VisualStudio.TestPlatform.Fakes, Version=17.0.0.0, Culture=neutral, PublicKeyToken=null'. The system cannot find the file specified.
File name: 'Microsoft.VisualStudio.TestPlatform.Fakes, Version=17.0.0.0, Culture=neutral, PublicKeyToken=null'
   at System.Reflection.RuntimeAssembly.InternalLoad(AssemblyName assemblyName, StackCrawlMark& stackMark, AssemblyLoadContext assemblyLoadContext, RuntimeAssembly requestingAssembly, Boolean throwOnFileNotFound)
   at System.Reflection.Assembly.Load(AssemblyName assemblyRef)
   at Microsoft.VisualStudio.TestPlatform.Common.Utilities.FakesUtilities.LoadTestPlatformAssembly()
TpTrace Verbose: 0 : 32520, 1, 2023/02/02, 22:00:39.939, 487378029352, vstest.console.dll, TestPluginCache.DiscoverTestExtensions: finding test extensions in assemblies ends with: TestLogger.dll TPluginInfo: Microsoft.VisualStudio.TestPlatform.Common.ExtensionFramework.Utilities.TestLoggerPluginInformation TExtension: Microsoft.VisualStudio.TestPlatform.ObjectModel.Client.ITestLogger
TpTrace Verbose: 0 : 32520, 1, 2023/02/02, 22:00:39.939, 487378031507, vstest.console.dll, TestPluginCache.GetExtensionPaths: Filtered extension paths: 
TpTrace Verbose: 0 : 32520, 1, 2023/02/02, 22:00:39.939, 487378032495, vstest.console.dll, TestPluginCache.GetExtensionPaths: Added default extension paths: C:\Program Files\dotnet\sdk\7.0.100\Extensions\Microsoft.Diagnostics.NETCore.Client.dll
C:\Program Files\dotnet\sdk\7.0.100\Extensions\Microsoft.TestPlatform.Extensions.BlameDataCollector.dll
C:\Program Files\dotnet\sdk\7.0.100\Extensions\Microsoft.TestPlatform.Extensions.EventLogCollector.dll
C:\Program Files\dotnet\sdk\7.0.100\Extensions\Microsoft.TestPlatform.TestHostRuntimeProvider.dll
C:\Program Files\dotnet\sdk\7.0.100\Extensions\Microsoft.VisualStudio.TestPlatform.Extensions.Html.TestLogger.dll
C:\Program Files\dotnet\sdk\7.0.100\Extensions\Microsoft.VisualStudio.TestPlatform.Extensions.Trx.TestLogger.dll
TpTrace Verbose: 0 : 32520, 1, 2023/02/02, 22:00:39.939, 487378033330, vstest.console.dll, TestPluginCache.GetExtensionPaths: Added unfilterableExtensionPaths: 
TpTrace Information: 0 : 32520, 1, 2023/02/02, 22:00:39.939, 487378035465, vstest.console.dll, AssemblyResolver.AddSearchDirectories: Adding more searchDirectories C:\Program Files\dotnet\sdk\7.0.100\Extensions,C:\Program Files\dotnet\sdk\7.0.100
TpTrace Verbose: 0 : 32520, 1, 2023/02/02, 22:00:39.940, 487378036382, vstest.console.dll, TestPluginCache.DiscoverTestExtensions: Discovering the extensions using extension path.
TpTrace Verbose: 0 : 32520, 1, 2023/02/02, 22:00:39.940, 487378037199, vstest.console.dll, TestPluginCache.GetExtensionPaths: Filtered extension paths: 
TpTrace Verbose: 0 : 32520, 1, 2023/02/02, 22:00:39.940, 487378037786, vstest.console.dll, TestPluginCache.GetExtensionPaths: Added default extension paths: C:\Program Files\dotnet\sdk\7.0.100\Extensions\Microsoft.Diagnostics.NETCore.Client.dll
C:\Program Files\dotnet\sdk\7.0.100\Extensions\Microsoft.TestPlatform.Extensions.BlameDataCollector.dll
C:\Program Files\dotnet\sdk\7.0.100\Extensions\Microsoft.TestPlatform.Extensions.EventLogCollector.dll
C:\Program Files\dotnet\sdk\7.0.100\Extensions\Microsoft.TestPlatform.TestHostRuntimeProvider.dll
C:\Program Files\dotnet\sdk\7.0.100\Extensions\Microsoft.VisualStudio.TestPlatform.Extensions.Html.TestLogger.dll
C:\Program Files\dotnet\sdk\7.0.100\Extensions\Microsoft.VisualStudio.TestPlatform.Extensions.Trx.TestLogger.dll
TpTrace Verbose: 0 : 32520, 1, 2023/02/02, 22:00:39.940, 487378038471, vstest.console.dll, TestPluginCache.GetExtensionPaths: Added unfilterableExtensionPaths: 
TpTrace Verbose: 0 : 32520, 1, 2023/02/02, 22:00:39.940, 487378039089, vstest.console.dll, TestPluginCache.DiscoverTestExtensions: Discovering the extensions using allExtensionPaths: C:\Program Files\dotnet\sdk\7.0.100\Extensions\Microsoft.Diagnostics.NETCore.Client.dll
C:\Program Files\dotnet\sdk\7.0.100\Extensions\Microsoft.TestPlatform.Extensions.BlameDataCollector.dll
C:\Program Files\dotnet\sdk\7.0.100\Extensions\Microsoft.TestPlatform.Extensions.EventLogCollector.dll
C:\Program Files\dotnet\sdk\7.0.100\Extensions\Microsoft.TestPlatform.TestHostRuntimeProvider.dll
C:\Program Files\dotnet\sdk\7.0.100\Extensions\Microsoft.VisualStudio.TestPlatform.Extensions.Html.TestLogger.dll
C:\Program Files\dotnet\sdk\7.0.100\Extensions\Microsoft.VisualStudio.TestPlatform.Extensions.Trx.TestLogger.dll
TpTrace Information: 0 : 32520, 1, 2023/02/02, 22:00:39.940, 487378040449, vstest.console.dll, AssemblyResolver.AddSearchDirectories: Adding more searchDirectories C:\Program Files\dotnet\sdk\7.0.100\Extensions,C:\Program Files\dotnet\sdk\7.0.100
TpTrace Information: 0 : 32520, 1, 2023/02/02, 22:00:39.940, 487378041368, vstest.console.dll, AssemblyResolver.AddSearchDirectories: Adding more searchDirectories C:\Program Files\dotnet\sdk\7.0.100\Extensions,C:\Program Files\dotnet\sdk\7.0.100
TpTrace Information: 0 : 32520, 1, 2023/02/02, 22:00:39.940, 487378041889, vstest.console.dll, AssemblyResolver.AddSearchDirectories: Adding more searchDirectories C:\Program Files\dotnet\sdk\7.0.100\Extensions,C:\Program Files\dotnet\sdk\7.0.100
TpTrace Information: 0 : 32520, 1, 2023/02/02, 22:00:39.940, 487378042590, vstest.console.dll, AssemblyResolver.AddSearchDirectories: Adding more searchDirectories C:\Program Files\dotnet\sdk\7.0.100\Extensions,C:\Program Files\dotnet\sdk\7.0.100
TpTrace Information: 0 : 32520, 1, 2023/02/02, 22:00:39.940, 487378043326, vstest.console.dll, AssemblyResolver.AddSearchDirectories: Adding more searchDirectories C:\Program Files\dotnet\sdk\7.0.100\Extensions,C:\Program Files\dotnet\sdk\7.0.100
TpTrace Information: 0 : 32520, 1, 2023/02/02, 22:00:39.940, 487378043827, vstest.console.dll, AssemblyResolver.AddSearchDirectories: Adding more searchDirectories C:\Program Files\dotnet\sdk\7.0.100\Extensions,C:\Program Files\dotnet\sdk\7.0.100
TpTrace Verbose: 0 : 32520, 1, 2023/02/02, 22:00:39.940, 487378045781, vstest.console.dll, MetadataReaderExtensionsHelper: Discovering extensions inside assembly 'Microsoft.Diagnostics.NETCore.Client, Version=0.2.6.42401, Culture=neutral, PublicKeyToken=31bf3856ad364e35' file path 'C:\Program Files\dotnet\sdk\7.0.100\Extensions\Microsoft.Diagnostics.NETCore.Client.dll'
TpTrace Information: 0 : 32520, 1, 2023/02/02, 22:00:39.941, 487378055536, vstest.console.dll, AssemblyResolver.OnResolve: Microsoft.Bcl.AsyncInterfaces: Resolving assembly.
TpTrace Information: 0 : 32520, 1, 2023/02/02, 22:00:39.942, 487378056480, vstest.console.dll, AssemblyResolver.OnResolve: Microsoft.Bcl.AsyncInterfaces: Resolved from cache.
TpTrace Verbose: 0 : 32520, 1, 2023/02/02, 22:00:39.942, 487378057159, vstest.console.dll, CurrentDomainAssemblyResolve: Resolving assembly 'Microsoft.Bcl.AsyncInterfaces'.
TpTrace Information: 0 : 32520, 1, 2023/02/02, 22:00:39.942, 487378057939, vstest.console.dll, AssemblyResolver.OnResolve: Microsoft.Bcl.AsyncInterfaces: Resolving assembly.
TpTrace Information: 0 : 32520, 1, 2023/02/02, 22:00:39.942, 487378058435, vstest.console.dll, AssemblyResolver.OnResolve: Microsoft.Bcl.AsyncInterfaces: Resolved from cache.
TpTrace Verbose: 0 : 32520, 1, 2023/02/02, 22:00:39.942, 487378059025, vstest.console.dll, CurrentDomainAssemblyResolve: Resolving assembly 'Microsoft.Bcl.AsyncInterfaces'.
TpTrace Verbose: 0 : 32520, 1, 2023/02/02, 22:00:39.942, 487378059645, vstest.console.dll, CurrentDomainAssemblyResolve: Failed to resolve assembly 'Microsoft.Bcl.AsyncInterfaces'.
TpTrace Verbose: 0 : 32520, 1, 2023/02/02, 22:00:39.942, 487378061956, vstest.console.dll, CurrentDomainAssemblyResolve: Failed to resolve assembly 'Microsoft.Bcl.AsyncInterfaces'.
TpTrace Warning: 0 : 32520, 1, 2023/02/02, 22:00:39.943, 487378067503, vstest.console.dll, TestPluginDiscoverer: Failed to get types from assembly 'Microsoft.Diagnostics.NETCore.Client, Version=0.2.6.42401, Culture=neutral, PublicKeyToken=31bf3856ad364e35'. Error: System.Reflection.ReflectionTypeLoadException: Unable to load one or more of the requested types.
Could not load file or assembly 'Microsoft.Bcl.AsyncInterfaces, Version=1.0.0.0, Culture=neutral, PublicKeyToken=cc7b13ffcd2ddd51'. The system cannot find the file specified.
   at System.Reflection.RuntimeModule.GetTypes(RuntimeModule module)
   at System.Reflection.Assembly.GetTypes()
   at Microsoft.VisualStudio.TestPlatform.Common.ExtensionFramework.TestPluginDiscoverer.GetTestExtensionsFromAssembly[TPluginInfo,TExtension](Assembly assembly, Dictionary`2 pluginInfos, String filePath)
System.IO.FileNotFoundException: Could not load file or assembly 'Microsoft.Bcl.AsyncInterfaces, Version=1.0.0.0, Culture=neutral, PublicKeyToken=cc7b13ffcd2ddd51'. The system cannot find the file specified.
File name: 'Microsoft.Bcl.AsyncInterfaces, Version=1.0.0.0, Culture=neutral, PublicKeyToken=cc7b13ffcd2ddd51'
 ---> System.IO.FileNotFoundException: Could not load file or assembly 'Microsoft.Bcl.AsyncInterfaces, Culture=neutral, PublicKeyToken=null'. The system cannot find the file specified.
File name: 'Microsoft.Bcl.AsyncInterfaces, Culture=neutral, PublicKeyToken=null'
   at System.Reflection.RuntimeAssembly.InternalLoad(AssemblyName assemblyName, StackCrawlMark& stackMark, AssemblyLoadContext assemblyLoadContext, RuntimeAssembly requestingAssembly, Boolean throwOnFileNotFound)
   at System.Reflection.Assembly.Load(AssemblyName assemblyRef)
   at Microsoft.VisualStudio.TestPlatform.Common.ExtensionFramework.TestPluginCache.CurrentDomainAssemblyResolve(Object sender, AssemblyResolveEventArgs args)
   at System.Runtime.Loader.AssemblyLoadContext.GetFirstResolvedAssemblyFromResolvingEvent(AssemblyName assemblyName)
   at System.Runtime.Loader.AssemblyLoadContext.ResolveUsingEvent(AssemblyName assemblyName)
   at System.Runtime.Loader.AssemblyLoadContext.ResolveUsingResolvingEvent(IntPtr gchManagedAssemblyLoadContext, AssemblyName assemblyName)
TpTrace Warning: 0 : 32520, 1, 2023/02/02, 22:00:39.943, 487378070602, vstest.console.dll, LoaderExceptions: System.IO.FileNotFoundException: Could not load file or assembly 'Microsoft.Bcl.AsyncInterfaces, Version=1.0.0.0, Culture=neutral, PublicKeyToken=cc7b13ffcd2ddd51'. The system cannot find the file specified.
File name: 'Microsoft.Bcl.AsyncInterfaces, Version=1.0.0.0, Culture=neutral, PublicKeyToken=cc7b13ffcd2ddd51'
 ---> System.IO.FileNotFoundException: Could not load file or assembly 'Microsoft.Bcl.AsyncInterfaces, Culture=neutral, PublicKeyToken=null'. The system cannot find the file specified.
File name: 'Microsoft.Bcl.AsyncInterfaces, Culture=neutral, PublicKeyToken=null'
   at System.Reflection.RuntimeAssembly.InternalLoad(AssemblyName assemblyName, StackCrawlMark& stackMark, AssemblyLoadContext assemblyLoadContext, RuntimeAssembly requestingAssembly, Boolean throwOnFileNotFound)
   at System.Reflection.Assembly.Load(AssemblyName assemblyRef)
   at Microsoft.VisualStudio.TestPlatform.Common.ExtensionFramework.TestPluginCache.CurrentDomainAssemblyResolve(Object sender, AssemblyResolveEventArgs args)
   at System.Runtime.Loader.AssemblyLoadContext.GetFirstResolvedAssemblyFromResolvingEvent(AssemblyName assemblyName)
   at System.Runtime.Loader.AssemblyLoadContext.ResolveUsingEvent(AssemblyName assemblyName)
   at System.Runtime.Loader.AssemblyLoadContext.ResolveUsingResolvingEvent(IntPtr gchManagedAssemblyLoadContext, AssemblyName assemblyName)
TpTrace Verbose: 0 : 32520, 1, 2023/02/02, 22:00:39.943, 487378072534, vstest.console.dll, MetadataReaderExtensionsHelper: Discovering extensions inside assembly 'Microsoft.TestPlatform.Extensions.BlameDataCollector, Version=15.0.0.0, Culture=neutral, PublicKeyToken=b03f5f7f11d50a3a' file path 'C:\Program Files\dotnet\sdk\7.0.100\Extensions\Microsoft.TestPlatform.Extensions.BlameDataCollector.dll'
TpTrace Information: 0 : 32520, 1, 2023/02/02, 22:00:39.944, 487378080228, vstest.console.dll, GetTestExtensionFromType: Register extension with identifier data 'logger://Microsoft/TestPlatform/Extensions/Blame/v1' and type 'Microsoft.TestPlatform.Extensions.BlameDataCollector.BlameLogger, Microsoft.TestPlatform.Extensions.BlameDataCollector, Version=15.0.0.0, Culture=neutral, PublicKeyToken=b03f5f7f11d50a3a' inside file 'C:\Program Files\dotnet\sdk\7.0.100\Extensions\Microsoft.TestPlatform.Extensions.BlameDataCollector.dll'
TpTrace Verbose: 0 : 32520, 1, 2023/02/02, 22:00:39.944, 487378083096, vstest.console.dll, MetadataReaderExtensionsHelper: Discovering extensions inside assembly 'Microsoft.TestPlatform.Extensions.EventLogCollector, Version=15.0.0.0, Culture=neutral, PublicKeyToken=b03f5f7f11d50a3a' file path 'C:\Program Files\dotnet\sdk\7.0.100\Extensions\Microsoft.TestPlatform.Extensions.EventLogCollector.dll'
TpTrace Verbose: 0 : 32520, 1, 2023/02/02, 22:00:39.945, 487378090188, vstest.console.dll, MetadataReaderExtensionsHelper: Discovering extensions inside assembly 'Microsoft.TestPlatform.TestHostRuntimeProvider, Version=15.0.0.0, Culture=neutral, PublicKeyToken=b03f5f7f11d50a3a' file path 'C:\Program Files\dotnet\sdk\7.0.100\Extensions\Microsoft.TestPlatform.TestHostRuntimeProvider.dll'
TpTrace Verbose: 0 : 32520, 1, 2023/02/02, 22:00:39.946, 487378096289, vstest.console.dll, MetadataReaderExtensionsHelper: Discovering extensions inside assembly 'Microsoft.VisualStudio.TestPlatform.Extensions.Html.TestLogger, Version=15.0.0.0, Culture=neutral, PublicKeyToken=b03f5f7f11d50a3a' file path 'C:\Program Files\dotnet\sdk\7.0.100\Extensions\Microsoft.VisualStudio.TestPlatform.Extensions.Html.TestLogger.dll'
TpTrace Information: 0 : 32520, 1, 2023/02/02, 22:00:39.947, 487378105907, vstest.console.dll, GetTestExtensionFromType: Register extension with identifier data 'logger://Microsoft/TestPlatform/HtmlLogger/v1' and type 'Microsoft.VisualStudio.TestPlatform.Extensions.HtmlLogger.HtmlLogger, Microsoft.VisualStudio.TestPlatform.Extensions.Html.TestLogger, Version=15.0.0.0, Culture=neutral, PublicKeyToken=b03f5f7f11d50a3a' inside file 'C:\Program Files\dotnet\sdk\7.0.100\Extensions\Microsoft.VisualStudio.TestPlatform.Extensions.Html.TestLogger.dll'
TpTrace Verbose: 0 : 32520, 1, 2023/02/02, 22:00:39.947, 487378108266, vstest.console.dll, MetadataReaderExtensionsHelper: Discovering extensions inside assembly 'Microsoft.VisualStudio.TestPlatform.Extensions.Trx.TestLogger, Version=15.0.0.0, Culture=neutral, PublicKeyToken=b03f5f7f11d50a3a' file path 'C:\Program Files\dotnet\sdk\7.0.100\Extensions\Microsoft.VisualStudio.TestPlatform.Extensions.Trx.TestLogger.dll'
TpTrace Information: 0 : 32520, 1, 2023/02/02, 22:00:39.948, 487378116900, vstest.console.dll, GetTestExtensionFromType: Register extension with identifier data 'logger://Microsoft/TestPlatform/TrxLogger/v1' and type 'Microsoft.VisualStudio.TestPlatform.Extensions.TrxLogger.TrxLogger, Microsoft.VisualStudio.TestPlatform.Extensions.Trx.TestLogger, Version=15.0.0.0, Culture=neutral, PublicKeyToken=b03f5f7f11d50a3a' inside file 'C:\Program Files\dotnet\sdk\7.0.100\Extensions\Microsoft.VisualStudio.TestPlatform.Extensions.Trx.TestLogger.dll'
TpTrace Verbose: 0 : 32520, 1, 2023/02/02, 22:00:39.948, 487378118420, vstest.console.dll, TestPluginCache: Discovered the extensions using extension path ''.
TpTrace Verbose: 0 : 32520, 1, 2023/02/02, 22:00:39.948, 487378119104, vstest.console.dll, TestPluginCache: Discoverers are ''.
TpTrace Verbose: 0 : 32520, 1, 2023/02/02, 22:00:39.948, 487378119551, vstest.console.dll, TestPluginCache: Executors are ''.
TpTrace Verbose: 0 : 32520, 1, 2023/02/02, 22:00:39.948, 487378119937, vstest.console.dll, TestPluginCache: Executors2 are ''.
TpTrace Verbose: 0 : 32520, 1, 2023/02/02, 22:00:39.948, 487378120313, vstest.console.dll, TestPluginCache: Setting providers are ''.
TpTrace Verbose: 0 : 32520, 1, 2023/02/02, 22:00:39.948, 487378121271, vstest.console.dll, TestPluginCache: Loggers are 'logger://Microsoft/TestPlatform/Extensions/Blame/v1,logger://Microsoft/TestPlatform/HtmlLogger/v1,logger://Microsoft/TestPlatform/TrxLogger/v1'.
TpTrace Verbose: 0 : 32520, 1, 2023/02/02, 22:00:39.948, 487378121863, vstest.console.dll, TestPluginCache: TestHosts are 'HostProvider://DefaultTestHost,HostProvider://DotnetTestHost'.
TpTrace Verbose: 0 : 32520, 1, 2023/02/02, 22:00:39.948, 487378122384, vstest.console.dll, TestPluginCache: DataCollectors are ''.
TpTrace Information: 0 : 32520, 1, 2023/02/02, 22:00:39.950, 487378140896, vstest.console.dll, TestPluginManager.CreateTestExtension: Attempting to load test extension: Microsoft.TestPlatform.Extensions.BlameDataCollector.BlameLogger
TpTrace Verbose: 0 : 32520, 1, 2023/02/02, 22:00:39.967, 487378313946, vstest.console.dll, TestEngine: Initializing Parallel Execution as MaxCpuCount is set to: 1
TpTrace Information: 0 : 32520, 1, 2023/02/02, 22:00:39.971, 487378348158, vstest.console.dll, TestPluginManager.CreateTestExtension: Attempting to load test extension: Microsoft.VisualStudio.TestPlatform.CrossPlatEngine.Hosting.DefaultTestHostManager
TpTrace Information: 0 : 32520, 1, 2023/02/02, 22:00:39.973, 487378366536, vstest.console.dll, TestPluginManager.CreateTestExtension: Attempting to load test extension: Microsoft.VisualStudio.TestPlatform.CrossPlatEngine.Hosting.DotnetTestHostManager
TpTrace Information: 0 : 32520, 1, 2023/02/02, 22:00:39.974, 487378376655, vstest.console.dll, InferRunSettingsHelper.IsTestSettingsEnabled: Unable to navigate to RunSettings/MSTest. Current node: RunSettings
TpTrace Verbose: 0 : 32520, 1, 2023/02/02, 22:00:39.981, 487378449413, vstest.console.dll, TestEngine.GetExecutionManager: Chosen execution manager 'Microsoft.VisualStudio.TestPlatform.CrossPlatEngine.Client.Parallel.ParallelProxyExecutionManager, Microsoft.TestPlatform.CrossPlatEngine, Version=15.0.0.0, Culture=neutral, PublicKeyToken=b03f5f7f11d50a3a' ParallelLevel '1'.
TpTrace Verbose: 0 : 32520, 1, 2023/02/02, 22:00:39.981, 487378452072, vstest.console.dll, TestRunRequest.ExecuteAsync: Creating test run request.
TpTrace Verbose: 0 : 32520, 1, 2023/02/02, 22:00:39.982, 487378456042, vstest.console.dll, TestRunRequest.ExecuteAsync: Starting.
TpTrace Information: 0 : 32520, 1, 2023/02/02, 22:00:39.982, 487378461478, vstest.console.dll, TestRunRequest.ExecuteAsync: Starting run with settings:TestRunCriteria:
   KeepAlive=False,FrequencyOfRunStatsChangeEvent=10,RunStatsChangeEventTimeout=00:00:01.5000000,TestCaseFilter=,TestExecutorLauncher=
   Settingsxml=<RunSettings>
  <RunConfiguration>
    <ResultsDirectory>C:\Users\CarlosGamboa\Development\apps\Jukebox\Jukebox.Test\bin\Debug\net7.0\fine-code-coverage\coverage-tool-output</ResultsDirectory>
    <TargetPlatform>X64</TargetPlatform>
    <TargetFrameworkVersion>.NETCoreApp,Version=v7.0</TargetFrameworkVersion>
    <DesignMode>False</DesignMode>
    <CollectSourceInformation>False</CollectSourceInformation>
  </RunConfiguration>
  <LoggerRunSettings>
    <Loggers>
      <Logger friendlyName="blame" enabled="True" />
      <Logger friendlyName="Console" uri="logger://microsoft/TestPlatform/ConsoleLogger/v1" assemblyQualifiedName="Microsoft.VisualStudio.TestPlatform.CommandLine.Internal.ConsoleLogger, vstest.console, Version=15.0.0.0, Culture=neutral, PublicKeyToken=b03f5f7f11d50a3a" codeBase="C:\Program Files\dotnet\sdk\7.0.100\vstest.console.dll" enabled="True" />
    </Loggers>
  </LoggerRunSettings>
  <DataCollectionRunSettings>
    <DataCollectors>
      <DataCollector friendlyName="blame" enabled="True">
        <Configuration>
          <ResultsDirectory>C:\Users\CarlosGamboa\Development\apps\Jukebox\Jukebox.Test\bin\Debug\net7.0\fine-code-coverage\coverage-tool-output</ResultsDirectory>
        </Configuration>
      </DataCollector>
    </DataCollectors>
  </DataCollectionRunSettings>
</RunSettings>

TpTrace Verbose: 0 : 32520, 1, 2023/02/02, 22:00:39.982, 487378462766, vstest.console.dll, TestRunRequest.ExecuteAsync: Wait for the first run request is over.
TpTrace Verbose: 0 : 32520, 1, 2023/02/02, 22:00:39.983, 487378468495, vstest.console.dll, MulticastDelegateUtilities.SafeInvoke: TestRun.TestRunStart: Invoking callbacks was skipped because there are no subscribers.
TpTrace Verbose: 0 : 32520, 4, 2023/02/02, 22:00:39.983, 487378472178, vstest.console.dll, MulticastDelegateUtilities.SafeInvoke: InternalTestLoggerEvents.SendTestRunStart: Invoking callback 1/1 for Microsoft.VisualStudio.TestPlatform.CommandLine.Internal.ConsoleLogger., took 0 ms.
TpTrace Verbose: 0 : 32520, 1, 2023/02/02, 22:00:39.985, 487378492739, vstest.console.dll, ParallelProxyExecutionManager: Start execution. Total sources: 1
TpTrace Verbose: 0 : 32520, 1, 2023/02/02, 22:00:39.988, 487378519853, vstest.console.dll, TestRequestSender is acting as server.
TpTrace Verbose: 0 : 32520, 1, 2023/02/02, 22:00:39.990, 487378541631, vstest.console.dll, DataCollectionRequestSender.InitializeCommunication : Initialize communication. 
TpTrace Information: 0 : 32520, 1, 2023/02/02, 22:00:40.002, 487378655889, vstest.console.dll, Listening on Endpoint : 127.0.0.1:62026
TpTrace Verbose: 0 : 32520, 1, 2023/02/02, 22:00:40.014, 487378777003, vstest.console.dll, DotnetDataCollectionLauncher: Adding  --runtimeconfig "C:\Program Files\dotnet\sdk\7.0.100\datacollector.runtimeconfig.json" in args
TpTrace Verbose: 0 : 32520, 1, 2023/02/02, 22:00:40.014, 487378779789, vstest.console.dll, DotnetDataCollectionLauncher: Adding  --depsfile "C:\Program Files\dotnet\sdk\7.0.100\datacollector.deps.json" in args
TpTrace Verbose: 0 : 32520, 1, 2023/02/02, 22:00:40.014, 487378784445, vstest.console.dll, DotnetDataCollectionLauncher: Full path of dotnet.exe is C:\Program Files\dotnet\dotnet.exe
TpTrace Information: 0 : 32520, 1, 2023/02/02, 22:00:40.043, 487379074037, vstest.console.dll, ProxyDataCollectionManager.Initialize: Launched datacollector processId: 23260 port: 62026
TpTrace Information: 0 : 32520, 1, 2023/02/02, 22:00:40.044, 487379077819, vstest.console.dll, ProxyDataCollectionManager.Initialize: waiting for connection with timeout: 90 seconds
TpTrace Verbose: 0 : 32520, 1, 2023/02/02, 22:00:40.044, 487379079441, vstest.console.dll, DataCollectionRequestSender.WaitForRequestHandlerConnection : Waiting for connection with timeout: 90000
TpTrace Information: 0 : 32520, 7, 2023/02/02, 22:00:40.564, 487384278583, vstest.console.dll, Using the buffer size of 16384 bytes
TpTrace Verbose: 0 : 32520, 1, 2023/02/02, 22:00:40.564, 487384278605, vstest.console.dll, SocketCommunicationManager.WaitForClientConnection took: 519 ms, with 90000 ms timeout, and finished with True.
TpTrace Information: 0 : 32520, 7, 2023/02/02, 22:00:40.564, 487384282516, vstest.console.dll, Accepted Client request and set the flag
TpTrace Verbose: 0 : 32520, 1, 2023/02/02, 22:00:40.564, 487384285118, vstest.console.dll, ProxyDataCollectionManager.InvokeDataCollectionServiceAction: Starting.
TpTrace Information: 0 : 32520, 1, 2023/02/02, 22:00:40.565, 487384286810, vstest.console.dll, ProxyDataCollectionManager.BeforeTestRunStart: Get environment variable and port for datacollector processId: 23260 port: 62026
TpTrace Verbose: 0 : 32520, 1, 2023/02/02, 22:00:40.565, 487384289214, vstest.console.dll, DataCollectionRequestSender.SendBeforeTestRunStartAndGetResult: Send BeforeTestRunStart message with settingsXml <RunSettings><RunConfiguration><ResultsDirectory>C:\Users\CarlosGamboa\Development\apps\Jukebox\Jukebox.Test\bin\Debug\net7.0\fine-code-coverage\coverage-tool-output</ResultsDirectory><TargetPlatform>X64</TargetPlatform><TargetFrameworkVersion>.NETCoreApp,Version=v7.0</TargetFrameworkVersion><DesignMode>False</DesignMode><CollectSourceInformation>False</CollectSourceInformation><TestAdaptersPaths>C:\Program Files\dotnet\sdk\7.0.100\Extensions</TestAdaptersPaths></RunConfiguration><LoggerRunSettings><Loggers><Logger friendlyName="blame" enabled="True" /><Logger friendlyName="Console" uri="logger://microsoft/TestPlatform/ConsoleLogger/v1" assemblyQualifiedName="Microsoft.VisualStudio.TestPlatform.CommandLine.Internal.ConsoleLogger, vstest.console, Version=15.0.0.0, Culture=neutral, PublicKeyToken=b03f5f7f11d50a3a" codeBase="C:\Program Files\dotnet\sdk\7.0.100\vstest.console.dll" enabled="True" /></Loggers></LoggerRunSettings><DataCollectionRunSettings><DataCollectors><DataCollector friendlyName="blame" enabled="True"><Configuration><ResultsDirectory>C:\Users\CarlosGamboa\Development\apps\Jukebox\Jukebox.Test\bin\Debug\net7.0\fine-code-coverage\coverage-tool-output</ResultsDirectory></Configuration></DataCollector></DataCollectors></DataCollectionRunSettings></RunSettings> and sources System.Collections.Generic.List`1[System.String]: 
TpTrace Verbose: 0 : 32520, 1, 2023/02/02, 22:00:40.759, 487386233359, vstest.console.dll, DataCollectionRequestSender.SendBeforeTestRunStartAndGetResult: Received message: (DataCollection.SendMessage) -> {"MessageType":"DataCollection.SendMessage","Payload":{"FriendlyName":null,"Uri":null,"TestCaseId":"00000000-0000-0000-0000-000000000000","Message":"Logging DataCollector Diagnostics in file: C:\\Users\\CarlosGamboa\\Development\\apps\\Jukebox\\Jukebox.Test\\bin\\Debug\\net7.0\\fine-code-coverage\\coverage-tool-output\\diagnostics.datacollector.23-02-02_22-00-40_01329_1.log","Level":0}}
TpTrace Verbose: 0 : 32520, 1, 2023/02/02, 22:00:40.971, 487388351902, vstest.console.dll, DataCollectionRequestSender.SendBeforeTestRunStartAndGetResult: Received message: (DataCollection.BeforeTestRunStartResult) -> {"MessageType":"DataCollection.BeforeTestRunStartResult","Payload":{"EnvironmentVariables":{},"DataCollectionEventsPort":62028}}
TpTrace Information: 0 : 32520, 1, 2023/02/02, 22:00:40.983, 487388470007, vstest.console.dll, ProxyDataCollectionManager.BeforeTestRunStart: SendBeforeTestRunStartAndGetResult successful, env variable from datacollector:   and testhost port: 62028
TpTrace Information: 0 : 32520, 1, 2023/02/02, 22:00:40.983, 487388471971, vstest.console.dll, ProxyDataCollectionManager.InvokeDataCollectionServiceAction: Completed.
TpTrace Verbose: 0 : 32520, 1, 2023/02/02, 22:00:40.983, 487388474817, vstest.console.dll, ProxyParallelExecutionManager: No sources available for execution.
TpTrace Information: 0 : 32520, 1, 2023/02/02, 22:00:40.984, 487388476069, vstest.console.dll, TestRunRequest.ExecuteAsync: Started.
TpTrace Verbose: 0 : 32520, 1, 2023/02/02, 22:00:40.984, 487388477864, vstest.console.dll, TestRunRequest.WaitForCompletion: Waiting with timeout -1.
TpTrace Verbose: 0 : 32520, 10, 2023/02/02, 22:00:40.985, 487388492340, vstest.console.dll, ParallelProxyExecutionManager: Execution started. Started clients: 1
TpTrace Verbose: 0 : 32520, 10, 2023/02/02, 22:00:40.986, 487388498510, vstest.console.dll, TestRunRequest:SendTestRunMessage: Starting.
TpTrace Verbose: 0 : 32520, 10, 2023/02/02, 22:00:40.986, 487388501518, vstest.console.dll, MulticastDelegateUtilities.SafeInvoke: TestRun.LogMessages: Invoking callback 1/1 for Microsoft.VisualStudio.TestPlatform.CommandLine.TestRunResultAggregator., took 0 ms.
TpTrace Information: 0 : 32520, 10, 2023/02/02, 22:00:40.986, 487388502623, vstest.console.dll, TestRunRequest:SendTestRunMessage: Completed.
TpTrace Verbose: 0 : 32520, 4, 2023/02/02, 22:00:40.987, 487388506899, vstest.console.dll, MulticastDelegateUtilities.SafeInvoke: InternalTestLoggerEvents.SendTestRunMessage: Invoking callback 1/1 for Microsoft.VisualStudio.TestPlatform.CommandLine.Internal.ConsoleLogger., took 0 ms.
TpTrace Verbose: 0 : 32520, 10, 2023/02/02, 22:00:40.987, 487388508871, vstest.console.dll, ProxyExecutionManager: Test host is always Lazy initialize.
TpTrace Verbose: 0 : 32520, 10, 2023/02/02, 22:00:40.987, 487388514994, vstest.console.dll, TestRequestSender.InitializeCommunication: initialize communication. 
TpTrace Information: 0 : 32520, 10, 2023/02/02, 22:00:40.988, 487388525252, vstest.console.dll, SocketServer.Start: Listening on endpoint : 127.0.0.1:62029
TpTrace Verbose: 0 : 32520, 10, 2023/02/02, 22:00:40.991, 487388551759, vstest.console.dll, DotnetTestHostmanager.GetTestHostProcessStartInfo: Platform environment 'X64' target architecture 'X64' framework '.NETCoreApp,Version=v7.0' OS 'Windows'
TpTrace Verbose: 0 : 32520, 10, 2023/02/02, 22:00:40.992, 487388556334, vstest.console.dll, DotnetTestHostmanager: Adding  --runtimeconfig "C:\Users\CarlosGamboa\Development\apps\Jukebox\Jukebox.Test\bin\Debug\net7.0\fine-code-coverage\build-output\DigitalJukebox.Domain.Test.runtimeconfig.json" in args
TpTrace Verbose: 0 : 32520, 10, 2023/02/02, 22:00:40.992, 487388558675, vstest.console.dll, DotnetTestHostmanager: Adding  --depsfile "C:\Users\CarlosGamboa\Development\apps\Jukebox\Jukebox.Test\bin\Debug\net7.0\fine-code-coverage\build-output\DigitalJukebox.Domain.Test.deps.json" in args
TpTrace Verbose: 0 : 32520, 10, 2023/02/02, 22:00:40.992, 487388562522, vstest.console.dll, DotnetTestHostmanager.IsWinOnArm: Current PROCESSOR_ARCHITECTURE from environment variable 'AMD64'
TpTrace Verbose: 0 : 32520, 10, 2023/02/02, 22:00:40.992, 487388563906, vstest.console.dll, DotnetTestHostmanager.IsWinOnArm: Is Windows on ARM 'False'
TpTrace Verbose: 0 : 32520, 10, 2023/02/02, 22:00:40.992, 487388565813, vstest.console.dll, DotnetTestHostManager: testhost.exe found at path: C:\Users\CarlosGamboa\Development\apps\Jukebox\Jukebox.Test\bin\Debug\net7.0\fine-code-coverage\build-output\testhost.exe
TpTrace Verbose: 0 : 32520, 10, 2023/02/02, 22:00:40.993, 487388566879, vstest.console.dll, DotnetTestHostmanager: Full path of host exe is C:\Users\CarlosGamboa\Development\apps\Jukebox\Jukebox.Test\bin\Debug\net7.0\fine-code-coverage\build-output\testhost.exe
TpTrace Verbose: 0 : 32520, 10, 2023/02/02, 22:00:40.993, 487388569641, vstest.console.dll, DotnetTestHostmanager.LaunchTestHostAsync: Found 'VSTEST_WINAPPHOST_DOTNET_ROOT' in env variables, value 'C:\Program Files\dotnet', forwarding to 'DOTNET_ROOT'
TpTrace Verbose: 0 : 32520, 10, 2023/02/02, 22:00:40.993, 487388574325, vstest.console.dll, DotnetTestHostManager: Starting process 'C:\Users\CarlosGamboa\Development\apps\Jukebox\Jukebox.Test\bin\Debug\net7.0\fine-code-coverage\build-output\testhost.exe' with command line ' --runtimeconfig "C:\Users\CarlosGamboa\Development\apps\Jukebox\Jukebox.Test\bin\Debug\net7.0\fine-code-coverage\build-output\DigitalJukebox.Domain.Test.runtimeconfig.json" --depsfile "C:\Users\CarlosGamboa\Development\apps\Jukebox\Jukebox.Test\bin\Debug\net7.0\fine-code-coverage\build-output\DigitalJukebox.Domain.Test.deps.json" --port 62029 --endpoint 127.0.0.1:062029 --role client --parentprocessid 32520 --diag "C:\Users\CarlosGamboa\Development\apps\Jukebox\Jukebox.Test\bin\Debug\net7.0\fine-code-coverage\coverage-tool-output\diagnostics.host.23-02-02_22-00-40_99007_10.log" --tracelevel 4 --datacollectionport 62028 --telemetryoptedin false'
TpTrace Verbose: 0 : 32520, 10, 2023/02/02, 22:00:41.018, 487388818803, vstest.console.dll, MulticastDelegateUtilities.SafeInvoke: HostProviderEvents.OnHostLaunched: Invoking callback 1/2 for Microsoft.VisualStudio.TestPlatform.CrossPlatEngine.Client.ProxyExecutionManagerWithDataCollection., took 2 ms.
TpTrace Verbose: 0 : 32520, 10, 2023/02/02, 22:00:41.018, 487388824786, vstest.console.dll, Test Runtime launched
TpTrace Verbose: 0 : 32520, 10, 2023/02/02, 22:00:41.019, 487388826091, vstest.console.dll, MulticastDelegateUtilities.SafeInvoke: HostProviderEvents.OnHostLaunched: Invoking callback 2/2 for Microsoft.VisualStudio.TestPlatform.CrossPlatEngine.Client.ProxyOperationManager., took 0 ms.
TpTrace Verbose: 0 : 32520, 10, 2023/02/02, 22:00:41.019, 487388830341, vstest.console.dll, TestRequestSender.WaitForRequestHandlerConnection: waiting for connection with timeout: 90000.
TpTrace Verbose: 0 : 32520, 10, 2023/02/02, 22:00:41.846, 487397101014, vstest.console.dll, TestRequestSender.WaitForRequestHandlerConnection: waiting took 826 ms, with timeout 90000 ms, and result 0, which is success.
TpTrace Verbose: 0 : 32520, 7, 2023/02/02, 22:00:41.846, 487397101014, vstest.console.dll, MulticastDelegateUtilities.SafeInvoke: SocketServer: ClientConnected: Invoking callback 1/1 for Microsoft.VisualStudio.TestPlatform.CommunicationUtilities.TestRequestSender., took 0 ms.
TpTrace Verbose: 0 : 32520, 7, 2023/02/02, 22:00:41.847, 487397106471, vstest.console.dll, SocketServer.OnClientConnected: Client connected for endPoint: 127.0.0.1:62029, starting MessageLoopAsync:
TpTrace Verbose: 0 : 32520, 7, 2023/02/02, 22:00:41.847, 487397110415, vstest.console.dll, TcpClientExtensions.MessageLoopAsync: Polling on remoteEndPoint: 127.0.0.1:62031 localEndPoint: 127.0.0.1:62029
TpTrace Verbose: 0 : 32520, 10, 2023/02/02, 22:00:41.848, 487397125357, vstest.console.dll, TestRequestSender.CheckVersionWithTestHost: Sending check version message: {"MessageType":"ProtocolVersion","Payload":7}
TpTrace Verbose: 0 : 32520, 7, 2023/02/02, 22:00:42.197, 487400615842, vstest.console.dll, TcpClientExtensions.MessageLoopAsync: NotifyDataAvailable remoteEndPoint: 127.0.0.1:62031 localEndPoint: 127.0.0.1:62029
TpTrace Verbose: 0 : 32520, 7, 2023/02/02, 22:00:42.198, 487400621649, vstest.console.dll, TestRequestSender.CheckVersionWithTestHost: onMessageReceived received message: (ProtocolVersion) -> {"MessageType":"ProtocolVersion","Payload":7}
TpTrace Verbose: 0 : 32520, 7, 2023/02/02, 22:00:42.200, 487400636723, vstest.console.dll, MulticastDelegateUtilities.SafeInvoke: LengthPrefixCommunicationChannel: MessageReceived: Invoking callback 1/1 for Microsoft.VisualStudio.TestPlatform.CommunicationUtilities.TestRequestSender+<>c__DisplayClass26_0., took 1 ms.
TpTrace Verbose: 0 : 32520, 7, 2023/02/02, 22:00:42.200, 487400638756, vstest.console.dll, TcpClientExtensions.MessageLoopAsync: Polling on remoteEndPoint: 127.0.0.1:62031 localEndPoint: 127.0.0.1:62029
TpTrace Verbose: 0 : 32520, 10, 2023/02/02, 22:00:42.200, 487400638840, vstest.console.dll, TestPluginCache.GetExtensionPaths: Filtered extension paths: 
TpTrace Verbose: 0 : 32520, 10, 2023/02/02, 22:00:42.200, 487400640613, vstest.console.dll, TestPluginCache.GetExtensionPaths: Added default extension paths: C:\Program Files\dotnet\sdk\7.0.100\Extensions\Microsoft.Diagnostics.NETCore.Client.dll
C:\Program Files\dotnet\sdk\7.0.100\Extensions\Microsoft.TestPlatform.Extensions.BlameDataCollector.dll
C:\Program Files\dotnet\sdk\7.0.100\Extensions\Microsoft.TestPlatform.Extensions.EventLogCollector.dll
C:\Program Files\dotnet\sdk\7.0.100\Extensions\Microsoft.TestPlatform.TestHostRuntimeProvider.dll
C:\Program Files\dotnet\sdk\7.0.100\Extensions\Microsoft.VisualStudio.TestPlatform.Extensions.Html.TestLogger.dll
C:\Program Files\dotnet\sdk\7.0.100\Extensions\Microsoft.VisualStudio.TestPlatform.Extensions.Trx.TestLogger.dll
TpTrace Verbose: 0 : 32520, 10, 2023/02/02, 22:00:42.200, 487400641361, vstest.console.dll, TestPluginCache.GetExtensionPaths: Added unfilterableExtensionPaths: 
TpTrace Verbose: 0 : 32520, 10, 2023/02/02, 22:00:42.207, 487400711798, vstest.console.dll, TestRequestSender.InitializeExecution: Sending initialize execution with message: {"Version":7,"MessageType":"TestExecution.Initialize","Payload":["C:\\Users\\CarlosGamboa\\Development\\apps\\Jukebox\\Jukebox.Test\\bin\\Debug\\net7.0\\fine-code-coverage\\build-output\\xunit.runner.visualstudio.dotnetcore.testadapter.dll"]}
TpTrace Warning: 0 : 32520, 10, 2023/02/02, 22:00:42.208, 487400722379, vstest.console.dll, InferRunSettingsHelper.MakeRunsettingsCompatible: Removing the following settings: TargetPlatform from RunSettings file. To use those settings please move to latest version of Microsoft.NET.Test.Sdk
TpTrace Verbose: 0 : 32520, 7, 2023/02/02, 22:00:42.211, 487400752017, vstest.console.dll, TcpClientExtensions.MessageLoopAsync: NotifyDataAvailable remoteEndPoint: 127.0.0.1:62031 localEndPoint: 127.0.0.1:62029
TpTrace Verbose: 0 : 32520, 7, 2023/02/02, 22:00:42.212, 487400758991, vstest.console.dll, TestRequestSender.OnExecutionMessageReceived: Received message: {"Version":7,"MessageType":"TestSession.Message","Payload":{"MessageLevel":0,"Message":"Logging TestHost Diagnostics in file: C:\\Users\\CarlosGamboa\\Development\\apps\\Jukebox\\Jukebox.Test\\bin\\Debug\\net7.0\\fine-code-coverage\\coverage-tool-output\\diagnostics.host.23-02-02_22-00-40_99007_10.log"}}
TpTrace Verbose: 0 : 32520, 7, 2023/02/02, 22:00:42.217, 487400808387, vstest.console.dll, TestRunRequest:SendTestRunMessage: Starting.
TpTrace Verbose: 0 : 32520, 7, 2023/02/02, 22:00:42.217, 487400811832, vstest.console.dll, MulticastDelegateUtilities.SafeInvoke: TestRun.LogMessages: Invoking callback 1/1 for Microsoft.VisualStudio.TestPlatform.CommandLine.TestRunResultAggregator., took 0 ms.
TpTrace Verbose: 0 : 32520, 4, 2023/02/02, 22:00:42.217, 487400812140, vstest.console.dll, MulticastDelegateUtilities.SafeInvoke: InternalTestLoggerEvents.SendTestRunMessage: Invoking callback 1/1 for Microsoft.VisualStudio.TestPlatform.CommandLine.Internal.ConsoleLogger., took 0 ms.
TpTrace Information: 0 : 32520, 7, 2023/02/02, 22:00:42.217, 487400812825, vstest.console.dll, TestRunRequest:SendTestRunMessage: Completed.
TpTrace Verbose: 0 : 32520, 7, 2023/02/02, 22:00:42.218, 487400815987, vstest.console.dll, MulticastDelegateUtilities.SafeInvoke: LengthPrefixCommunicationChannel: MessageReceived: Invoking callback 1/1 for Microsoft.VisualStudio.TestPlatform.CommunicationUtilities.TestRequestSender+<>c__DisplayClass31_0., took 6 ms.
TpTrace Verbose: 0 : 32520, 7, 2023/02/02, 22:00:42.218, 487400816690, vstest.console.dll, TcpClientExtensions.MessageLoopAsync: Polling on remoteEndPoint: 127.0.0.1:62031 localEndPoint: 127.0.0.1:62029
TpTrace Verbose: 0 : 32520, 10, 2023/02/02, 22:00:42.222, 487400858156, vstest.console.dll, TestRequestSender.StartTestRun: Sending test run with message: {"Version":7,"MessageType":"TestExecution.StartWithSources","Payload":{"AdapterSourceMap":{"_none_":["C:\\Users\\CarlosGamboa\\Development\\apps\\Jukebox\\Jukebox.Test\\bin\\Debug\\net7.0\\fine-code-coverage\\build-output\\DigitalJukebox.Domain.Test.dll"]},"RunSettings":"<RunSettings>\r\n  <RunConfiguration>\r\n    <ResultsDirectory>C:\\Users\\CarlosGamboa\\Development\\apps\\Jukebox\\Jukebox.Test\\bin\\Debug\\net7.0\\fine-code-coverage\\coverage-tool-output</ResultsDirectory>\r\n    <TargetFrameworkVersion>.NETCoreApp,Version=v7.0</TargetFrameworkVersion>\r\n    <DesignMode>False</DesignMode>\r\n    <CollectSourceInformation>False</CollectSourceInformation>\r\n  </RunConfiguration>\r\n  <LoggerRunSettings>\r\n    <Loggers>\r\n      <Logger friendlyName=\"blame\" enabled=\"True\" />\r\n      <Logger friendlyName=\"Console\" uri=\"logger://microsoft/TestPlatform/ConsoleLogger/v1\" assemblyQualifiedName=\"Microsoft.VisualStudio.TestPlatform.CommandLine.Internal.ConsoleLogger, vstest.console, Version=15.0.0.0, Culture=neutral, PublicKeyToken=b03f5f7f11d50a3a\" codeBase=\"C:\\Program Files\\dotnet\\sdk\\7.0.100\\vstest.console.dll\" enabled=\"True\" />\r\n    </Loggers>\r\n  </LoggerRunSettings>\r\n  <DataCollectionRunSettings>\r\n    <DataCollectors>\r\n      <DataCollector friendlyName=\"blame\" enabled=\"True\">\r\n        <Configuration>\r\n          <ResultsDirectory>C:\\Users\\CarlosGamboa\\Development\\apps\\Jukebox\\Jukebox.Test\\bin\\Debug\\net7.0\\fine-code-coverage\\coverage-tool-output</ResultsDirectory>\r\n        </Configuration>\r\n      </DataCollector>\r\n    </DataCollectors>\r\n  </DataCollectionRunSettings>\r\n</RunSettings>","TestExecutionContext":{"FrequencyOfRunStatsChangeEvent":10,"RunStatsChangeEventTimeout":"00:00:01.5000000","InIsolation":false,"KeepAlive":false,"AreTestCaseLevelEventsRequired":false,"IsDebug":false,"TestCaseFilter":null,"FilterOptions":null},"Package":null}}
TpTrace Verbose: 0 : 32520, 7, 2023/02/02, 22:00:42.476, 487403405430, vstest.console.dll, TcpClientExtensions.MessageLoopAsync: NotifyDataAvailable remoteEndPoint: 127.0.0.1:62031 localEndPoint: 127.0.0.1:62029
TpTrace Verbose: 0 : 32520, 7, 2023/02/02, 22:00:42.477, 487403410041, vstest.console.dll, TestRequestSender.OnExecutionMessageReceived: Received message: {"Version":7,"MessageType":"TestSession.Message","Payload":{"MessageLevel":0,"Message":"[xUnit.net 00:00:00.00] xUnit.net VSTest Adapter v2.4.5+1caef2f33e (64-bit .NET 7.0.0)"}}
TpTrace Verbose: 0 : 32520, 7, 2023/02/02, 22:00:42.478, 487403421036, vstest.console.dll, TestRunRequest:SendTestRunMessage: Starting.
TpTrace Verbose: 0 : 32520, 7, 2023/02/02, 22:00:42.478, 487403422944, vstest.console.dll, MulticastDelegateUtilities.SafeInvoke: TestRun.LogMessages: Invoking callback 1/1 for Microsoft.VisualStudio.TestPlatform.CommandLine.TestRunResultAggregator., took 0 ms.
TpTrace Verbose: 0 : 32520, 4, 2023/02/02, 22:00:42.478, 487403423197, vstest.console.dll, MulticastDelegateUtilities.SafeInvoke: InternalTestLoggerEvents.SendTestRunMessage: Invoking callback 1/1 for Microsoft.VisualStudio.TestPlatform.CommandLine.Internal.ConsoleLogger., took 0 ms.
TpTrace Information: 0 : 32520, 7, 2023/02/02, 22:00:42.478, 487403423746, vstest.console.dll, TestRunRequest:SendTestRunMessage: Completed.
TpTrace Verbose: 0 : 32520, 7, 2023/02/02, 22:00:42.478, 487403425699, vstest.console.dll, MulticastDelegateUtilities.SafeInvoke: LengthPrefixCommunicationChannel: MessageReceived: Invoking callback 1/1 for Microsoft.VisualStudio.TestPlatform.CommunicationUtilities.TestRequestSender+<>c__DisplayClass31_0., took 1 ms.
TpTrace Verbose: 0 : 32520, 7, 2023/02/02, 22:00:42.479, 487403426361, vstest.console.dll, TcpClientExtensions.MessageLoopAsync: Polling on remoteEndPoint: 127.0.0.1:62031 localEndPoint: 127.0.0.1:62029
TpTrace Verbose: 0 : 32520, 7, 2023/02/02, 22:00:43.362, 487412259925, vstest.console.dll, TcpClientExtensions.MessageLoopAsync: NotifyDataAvailable remoteEndPoint: 127.0.0.1:62031 localEndPoint: 127.0.0.1:62029
TpTrace Verbose: 0 : 32520, 7, 2023/02/02, 22:00:43.362, 487412262293, vstest.console.dll, TestRequestSender.OnExecutionMessageReceived: Received message: {"Version":7,"MessageType":"TestSession.Message","Payload":{"MessageLevel":0,"Message":"[xUnit.net 00:00:00.89]   Discovering: DigitalJukebox.Domain.Test"}}
TpTrace Verbose: 0 : 32520, 7, 2023/02/02, 22:00:43.362, 487412264058, vstest.console.dll, TestRunRequest:SendTestRunMessage: Starting.
TpTrace Verbose: 0 : 32520, 7, 2023/02/02, 22:00:43.362, 487412265143, vstest.console.dll, MulticastDelegateUtilities.SafeInvoke: TestRun.LogMessages: Invoking callback 1/1 for Microsoft.VisualStudio.TestPlatform.CommandLine.TestRunResultAggregator., took 0 ms.
TpTrace Verbose: 0 : 32520, 4, 2023/02/02, 22:00:43.362, 487412265463, vstest.console.dll, MulticastDelegateUtilities.SafeInvoke: InternalTestLoggerEvents.SendTestRunMessage: Invoking callback 1/1 for Microsoft.VisualStudio.TestPlatform.CommandLine.Internal.ConsoleLogger., took 0 ms.
TpTrace Information: 0 : 32520, 7, 2023/02/02, 22:00:43.363, 487412265862, vstest.console.dll, TestRunRequest:SendTestRunMessage: Completed.
TpTrace Verbose: 0 : 32520, 7, 2023/02/02, 22:00:43.363, 487412267706, vstest.console.dll, MulticastDelegateUtilities.SafeInvoke: LengthPrefixCommunicationChannel: MessageReceived: Invoking callback 1/1 for Microsoft.VisualStudio.TestPlatform.CommunicationUtilities.TestRequestSender+<>c__DisplayClass31_0., took 0 ms.
TpTrace Verbose: 0 : 32520, 7, 2023/02/02, 22:00:43.363, 487412268382, vstest.console.dll, TcpClientExtensions.MessageLoopAsync: Polling on remoteEndPoint: 127.0.0.1:62031 localEndPoint: 127.0.0.1:62029
TpTrace Verbose: 0 : 32520, 7, 2023/02/02, 22:00:43.412, 487412761934, vstest.console.dll, TcpClientExtensions.MessageLoopAsync: NotifyDataAvailable remoteEndPoint: 127.0.0.1:62031 localEndPoint: 127.0.0.1:62029
TpTrace Verbose: 0 : 32520, 7, 2023/02/02, 22:00:43.412, 487412763958, vstest.console.dll, TestRequestSender.OnExecutionMessageReceived: Received message: {"Version":7,"MessageType":"TestSession.Message","Payload":{"MessageLevel":0,"Message":"[xUnit.net 00:00:00.94]   Discovered:  DigitalJukebox.Domain.Test"}}
TpTrace Verbose: 0 : 32520, 7, 2023/02/02, 22:00:43.412, 487412765822, vstest.console.dll, TestRunRequest:SendTestRunMessage: Starting.
TpTrace Verbose: 0 : 32520, 7, 2023/02/02, 22:00:43.413, 487412766963, vstest.console.dll, MulticastDelegateUtilities.SafeInvoke: TestRun.LogMessages: Invoking callback 1/1 for Microsoft.VisualStudio.TestPlatform.CommandLine.TestRunResultAggregator., took 0 ms.
TpTrace Verbose: 0 : 32520, 4, 2023/02/02, 22:00:43.413, 487412767157, vstest.console.dll, MulticastDelegateUtilities.SafeInvoke: InternalTestLoggerEvents.SendTestRunMessage: Invoking callback 1/1 for Microsoft.VisualStudio.TestPlatform.CommandLine.Internal.ConsoleLogger., took 0 ms.
TpTrace Information: 0 : 32520, 7, 2023/02/02, 22:00:43.413, 487412767769, vstest.console.dll, TestRunRequest:SendTestRunMessage: Completed.
TpTrace Verbose: 0 : 32520, 7, 2023/02/02, 22:00:43.413, 487412769300, vstest.console.dll, MulticastDelegateUtilities.SafeInvoke: LengthPrefixCommunicationChannel: MessageReceived: Invoking callback 1/1 for Microsoft.VisualStudio.TestPlatform.CommunicationUtilities.TestRequestSender+<>c__DisplayClass31_0., took 0 ms.
TpTrace Verbose: 0 : 32520, 7, 2023/02/02, 22:00:43.413, 487412769997, vstest.console.dll, TcpClientExtensions.MessageLoopAsync: Polling on remoteEndPoint: 127.0.0.1:62031 localEndPoint: 127.0.0.1:62029
TpTrace Verbose: 0 : 32520, 7, 2023/02/02, 22:00:43.417, 487412806748, vstest.console.dll, TcpClientExtensions.MessageLoopAsync: NotifyDataAvailable remoteEndPoint: 127.0.0.1:62031 localEndPoint: 127.0.0.1:62029
TpTrace Verbose: 0 : 32520, 7, 2023/02/02, 22:00:43.417, 487412808664, vstest.console.dll, TestRequestSender.OnExecutionMessageReceived: Received message: {"Version":7,"MessageType":"TestSession.Message","Payload":{"MessageLevel":0,"Message":"[xUnit.net 00:00:00.94]   Starting:    DigitalJukebox.Domain.Test"}}
TpTrace Verbose: 0 : 32520, 7, 2023/02/02, 22:00:43.417, 487412810331, vstest.console.dll, TestRunRequest:SendTestRunMessage: Starting.
TpTrace Verbose: 0 : 32520, 7, 2023/02/02, 22:00:43.417, 487412811593, vstest.console.dll, MulticastDelegateUtilities.SafeInvoke: TestRun.LogMessages: Invoking callback 1/1 for Microsoft.VisualStudio.TestPlatform.CommandLine.TestRunResultAggregator., took 0 ms.
TpTrace Verbose: 0 : 32520, 4, 2023/02/02, 22:00:43.417, 487412811825, vstest.console.dll, MulticastDelegateUtilities.SafeInvoke: InternalTestLoggerEvents.SendTestRunMessage: Invoking callback 1/1 for Microsoft.VisualStudio.TestPlatform.CommandLine.Internal.ConsoleLogger., took 0 ms.
TpTrace Information: 0 : 32520, 7, 2023/02/02, 22:00:43.417, 487412812198, vstest.console.dll, TestRunRequest:SendTestRunMessage: Completed.
TpTrace Verbose: 0 : 32520, 7, 2023/02/02, 22:00:43.417, 487412813707, vstest.console.dll, MulticastDelegateUtilities.SafeInvoke: LengthPrefixCommunicationChannel: MessageReceived: Invoking callback 1/1 for Microsoft.VisualStudio.TestPlatform.CommunicationUtilities.TestRequestSender+<>c__DisplayClass31_0., took 0 ms.
TpTrace Verbose: 0 : 32520, 7, 2023/02/02, 22:00:43.417, 487412814330, vstest.console.dll, TcpClientExtensions.MessageLoopAsync: Polling on remoteEndPoint: 127.0.0.1:62031 localEndPoint: 127.0.0.1:62029
TpTrace Verbose: 0 : 32520, 7, 2023/02/02, 22:00:43.724, 487415877326, vstest.console.dll, TcpClientExtensions.MessageLoopAsync: NotifyDataAvailable remoteEndPoint: 127.0.0.1:62031 localEndPoint: 127.0.0.1:62029
TpTrace Verbose: 0 : 32520, 7, 2023/02/02, 22:00:43.724, 487415882343, vstest.console.dll, TestRequestSender.OnExecutionMessageReceived: Received message: {"Version":7,"MessageType":"TestExecution.StatsChange","Payload":{"NewTestResults":[{"TestCase":{"Id":"8b8e3bb0-4e2b-2df2-92cf-f2c0213c0955","FullyQualifiedName":"DigitalJukebox.Test.Model.SongTest.canCreateEmptySong","DisplayName":"DigitalJukebox.Test.Model.SongTest.canCreateEmptySong","ExecutorUri":"executor://xunit/VsTestRunner2/netcoreapp","Source":"C:\\Users\\CarlosGamboa\\Development\\apps\\Jukebox\\Jukebox.Test\\bin\\Debug\\net7.0\\fine-code-coverage\\build-output\\DigitalJukebox.Domain.Test.dll","CodeFilePath":null,"LineNumber":0,"Properties":[]},"Attachments":[],"Outcome":1,"ErrorMessage":null,"ErrorStackTrace":null,"DisplayName":"DigitalJukebox.Test.Model.SongTest.canCreateEmptySong","Messages":[],"ComputerName":"DESKTOP-PKJ7OKM","Duration":"00:00:00.0035526","StartTime":"2023-02-03T03:00:43.5314845+00:00","EndTime":"2023-02-03T03:00:43.531534+00:00","Properties":[]},{"TestCase":{"Id":"ccabed0f-5efd-3f4e-4467-742a8e8d10e5","FullyQualifiedName":"DigitalJukebox.Test.UnitTest1.Test1","DisplayName":"DigitalJukebox.Test.UnitTest1.Test1","ExecutorUri":"executor://xunit/VsTestRunner2/netcoreapp","Source":"C:\\Users\\CarlosGamboa\\Development\\apps\\Jukebox\\Jukebox.Test\\bin\\Debug\\net7.0\\fine-code-coverage\\build-output\\DigitalJukebox.Domain.Test.dll","CodeFilePath":null,"LineNumber":0,"Properties":[]},"Attachments":[],"Outcome":1,"ErrorMessage":null,"ErrorStackTrace":null,"DisplayName":"DigitalJukebox.Test.UnitTest1.Test1","Messages":[],"ComputerName":"DESKTOP-PKJ7OKM","Duration":"00:00:00.0035485","StartTime":"2023-02-03T03:00:43.5592978+00:00","EndTime":"2023-02-03T03:00:43.5592981+00:00","Properties":[]},{"TestCase":{"Id":"b403b0cd-4af3-81d8-2757-7850b51916d0","FullyQualifiedName":"DigitalJukebox.Test.Model.SongTest.canCreateSong","DisplayName":"DigitalJukebox.Test.Model.SongTest.canCreateSong","ExecutorUri":"executor://xunit/VsTestRunner2/netcoreapp","Source":"C:\\Users\\CarlosGamboa\\Development\\apps\\Jukebox\\Jukebox.Test\\bin\\Debug\\net7.0\\fine-code-coverage\\build-output\\DigitalJukebox.Domain.Test.dll","CodeFilePath":null,"LineNumber":0,"Properties":[]},"Attachments":[],"Outcome":1,"ErrorMessage":null,"ErrorStackTrace":null,"DisplayName":"DigitalJukebox.Test.Model.SongTest.canCreateSong","Messages":[],"ComputerName":"DESKTOP-PKJ7OKM","Duration":"00:00:00.0002329","StartTime":"2023-02-03T03:00:43.5674317+00:00","EndTime":"2023-02-03T03:00:43.5674319+00:00","Properties":[]},{"TestCase":{"Id":"50078829-b903-ed30-dc87-ec30ab638307","FullyQualifiedName":"DigitalJukebox.Test.Model.SongTest.validProperties","DisplayName":"DigitalJukebox.Test.Model.SongTest.validProperties","ExecutorUri":"executor://xunit/VsTestRunner2/netcoreapp","Source":"C:\\Users\\CarlosGamboa\\Development\\apps\\Jukebox\\Jukebox.Test\\bin\\Debug\\net7.0\\fine-code-coverage\\build-output\\DigitalJukebox.Domain.Test.dll","CodeFilePath":null,"LineNumber":0,"Properties":[]},"Attachments":[],"Outcome":1,"ErrorMessage":null,"ErrorStackTrace":null,"DisplayName":"DigitalJukebox.Test.Model.SongTest.validProperties","Messages":[],"ComputerName":"DESKTOP-PKJ7OKM","Duration":"00:00:00.0037846","StartTime":"2023-02-03T03:00:43.5711731+00:00","EndTime":"2023-02-03T03:00:43.5711732+00:00","Properties":[]},{"TestCase":{"Id":"b455ab81-f839-f3b7-003f-d836a7a6575a","FullyQualifiedName":"DigitalJukebox.Test.Model.JukeboxTest.givenJukeboxCanBeSwitchedToOnThenCurrentSongIsEmpty","DisplayName":"DigitalJukebox.Test.Model.JukeboxTest.givenJukeboxCanBeSwitchedToOnThenCurrentSongIsEmpty","ExecutorUri":"executor://xunit/VsTestRunner2/netcoreapp","Source":"C:\\Users\\CarlosGamboa\\Development\\apps\\Jukebox\\Jukebox.Test\\bin\\Debug\\net7.0\\fine-code-coverage\\build-output\\DigitalJukebox.Domain.Test.dll","CodeFilePath":null,"LineNumber":0,"Properties":[]},"Attachments":[],"Outcome":1,"ErrorMessage":null,"ErrorStackTrace":null,"DisplayName":"DigitalJukebox.Test.Model.JukeboxTest.givenJukeboxCanBeSwitchedToOnThenCurrentSongIsEmpty","Messages":[],"ComputerName":"DESKTOP-PKJ7OKM","Duration":"00:00:00.1008334","StartTime":"2023-02-03T03:00:43.5820418+00:00","EndTime":"2023-02-03T03:00:43.5820422+00:00","Properties":[]},{"TestCase":{"Id":"84efb568-11f2-d007-7629-c876610ad711","FullyQualifiedName":"DigitalJukebox.Test.Model.JukeboxTest.givenJukeBoxIsOffWhenPlayIsPressedThenThrowAnException","DisplayName":"DigitalJukebox.Test.Model.JukeboxTest.givenJukeBoxIsOffWhenPlayIsPressedThenThrowAnException","ExecutorUri":"executor://xunit/VsTestRunner2/netcoreapp","Source":"C:\\Users\\CarlosGamboa\\Development\\apps\\Jukebox\\Jukebox.Test\\bin\\Debug\\net7.0\\fine-code-coverage\\build-output\\DigitalJukebox.Domain.Test.dll","CodeFilePath":null,"LineNumber":0,"Properties":[]},"Attachments":[],"Outcome":1,"ErrorMessage":null,"ErrorStackTrace":null,"DisplayName":"DigitalJukebox.Test.Model.JukeboxTest.givenJukeBoxIsOffWhenPlayIsPressedThenThrowAnException","Messages":[],"ComputerName":"DESKTOP-PKJ7OKM","Duration":"00:00:00.0029895","StartTime":"2023-02-03T03:00:43.5869289+00:00","EndTime":"2023-02-03T03:00:43.5869293+00:00","Properties":[]},{"TestCase":{"Id":"6004f86f-bb85-3678-0ca0-ce6f2732eebe","FullyQualifiedName":"DigitalJukebox.Test.Model.JukeboxTest.jukeboxHasStoredSongs","DisplayName":"DigitalJukebox.Test.Model.JukeboxTest.jukeboxHasStoredSongs","ExecutorUri":"executor://xunit/VsTestRunner2/netcoreapp","Source":"C:\\Users\\CarlosGamboa\\Development\\apps\\Jukebox\\Jukebox.Test\\bin\\Debug\\net7.0\\fine-code-coverage\\build-output\\DigitalJukebox.Domain.Test.dll","CodeFilePath":null,"LineNumber":0,"Properties":[]},"Attachments":[],"Outcome":1,"ErrorMessage":null,"ErrorStackTrace":null,"DisplayName":"DigitalJukebox.Test.Model.JukeboxTest.jukeboxHasStoredSongs","Messages":[],"ComputerName":"DESKTOP-PKJ7OKM","Duration":"00:00:00.0404901","StartTime":"2023-02-03T03:00:43.6258277+00:00","EndTime":"2023-02-03T03:00:43.6258283+00:00","Properties":[]},{"TestCase":{"Id":"f9b15c97-3457-119a-1fa7-01543ab6a613","FullyQualifiedName":"DigitalJukebox.Test.Model.JukeboxTest.jukeboxCanPlayCurrentSong","DisplayName":"DigitalJukebox.Test.Model.JukeboxTest.jukeboxCanPlayCurrentSong","ExecutorUri":"executor://xunit/VsTestRunner2/netcoreapp","Source":"C:\\Users\\CarlosGamboa\\Development\\apps\\Jukebox\\Jukebox.Test\\bin\\Debug\\net7.0\\fine-code-coverage\\build-output\\DigitalJukebox.Domain.Test.dll","CodeFilePath":null,"LineNumber":0,"Properties":[]},"Attachments":[],"Outcome":1,"ErrorMessage":null,"ErrorStackTrace":null,"DisplayName":"DigitalJukebox.Test.Model.JukeboxTest.jukeboxCanPlayCurrentSong","Messages":[],"ComputerName":"DESKTOP-PKJ7OKM","Duration":"00:00:00.0136539","StartTime":"2023-02-03T03:00:43.6396598+00:00","EndTime":"2023-02-03T03:00:43.6396605+00:00","Properties":[]},{"TestCase":{"Id":"6770d60b-5855-1352-369d-7fabd961aec9","FullyQualifiedName":"DigitalJukebox.Test.Model.JukeboxTest.givenJukeBoxIsCreatedThenStatusIsOff","DisplayName":"DigitalJukebox.Test.Model.JukeboxTest.givenJukeBoxIsCreatedThenStatusIsOff","ExecutorUri":"executor://xunit/VsTestRunner2/netcoreapp","Source":"C:\\Users\\CarlosGamboa\\Development\\apps\\Jukebox\\Jukebox.Test\\bin\\Debug\\net7.0\\fine-code-coverage\\build-output\\DigitalJukebox.Domain.Test.dll","CodeFilePath":null,"LineNumber":0,"Properties":[]},"Attachments":[],"Outcome":1,"ErrorMessage":null,"ErrorStackTrace":null,"DisplayName":"DigitalJukebox.Test.Model.JukeboxTest.givenJukeBoxIsCreatedThenStatusIsOff","Messages":[],"ComputerName":"DESKTOP-PKJ7OKM","Duration":"00:00:00.0005030","StartTime":"2023-02-03T03:00:43.6470186+00:00","EndTime":"2023-02-03T03:00:43.6470188+00:00","Properties":[]}],"TestRunStatistics":{"ExecutedTests":9,"Stats":{"Passed":9}},"ActiveTests":[{"Id":"4181b35c-fdab-f911-e176-fca60997b513","FullyQualifiedName":"DigitalJukebox.Test.Model.JukeboxTest.givenJukeboxWasSwitchedToOnThenPlayListIsFilledWithFiveSongs","DisplayName":"DigitalJukebox.Test.Model.JukeboxTest.givenJukeboxWasSwitchedToOnThenPlayListIsFilledWithFiveSongs","ExecutorUri":"executor://xunit/VsTestRunner2/netcoreapp","Source":"C:\\Users\\CarlosGamboa\\Development\\apps\\Jukebox\\Jukebox.Test\\bin\\Debug\\net7.0\\fine-code-coverage\\build-output\\DigitalJukebox.Domain.Test.dll","CodeFilePath":null,"LineNumber":0,"Properties":[]}]}}
TpTrace Verbose: 0 : 32520, 7, 2023/02/02, 22:00:43.840, 487417040922, vstest.console.dll, TestRunRequest:SendTestRunStatsChange: Starting.
TpTrace Verbose: 0 : 32520, 7, 2023/02/02, 22:00:43.841, 487417055112, vstest.console.dll, InProgress is DigitalJukebox.Test.Model.JukeboxTest.givenJukeboxWasSwitchedToOnThenPlayListIsFilledWithFiveSongs
TpTrace Verbose: 0 : 32520, 7, 2023/02/02, 22:00:43.845, 487417094511, vstest.console.dll, MulticastDelegateUtilities.SafeInvoke: TestRun.RunStatsChanged: Invoking callbacks was skipped because there are no subscribers.
TpTrace Information: 0 : 32520, 7, 2023/02/02, 22:00:43.846, 487417096747, vstest.console.dll, TestRunRequest:SendTestRunStatsChange: Completed.
TpTrace Verbose: 0 : 32520, 7, 2023/02/02, 22:00:43.846, 487417097779, vstest.console.dll, MulticastDelegateUtilities.SafeInvoke: LengthPrefixCommunicationChannel: MessageReceived: Invoking callback 1/1 for Microsoft.VisualStudio.TestPlatform.CommunicationUtilities.TestRequestSender+<>c__DisplayClass31_0., took 121 ms.
TpTrace Verbose: 0 : 32520, 7, 2023/02/02, 22:00:43.846, 487417098725, vstest.console.dll, TcpClientExtensions.MessageLoopAsync: Polling on remoteEndPoint: 127.0.0.1:62031 localEndPoint: 127.0.0.1:62029
TpTrace Verbose: 0 : 32520, 7, 2023/02/02, 22:00:43.846, 487417099690, vstest.console.dll, TcpClientExtensions.MessageLoopAsync: NotifyDataAvailable remoteEndPoint: 127.0.0.1:62031 localEndPoint: 127.0.0.1:62029
TpTrace Verbose: 0 : 32520, 7, 2023/02/02, 22:00:43.846, 487417100929, vstest.console.dll, TestRequestSender.OnExecutionMessageReceived: Received message: {"Version":7,"MessageType":"TestSession.Message","Payload":{"MessageLevel":0,"Message":"[xUnit.net 00:00:01.30]   Finished:    DigitalJukebox.Domain.Test"}}
TpTrace Verbose: 0 : 32520, 7, 2023/02/02, 22:00:43.846, 487417102773, vstest.console.dll, TestRunRequest:SendTestRunMessage: Starting.
TpTrace Verbose: 0 : 32520, 7, 2023/02/02, 22:00:43.846, 487417104951, vstest.console.dll, MulticastDelegateUtilities.SafeInvoke: TestRun.LogMessages: Invoking callback 1/1 for Microsoft.VisualStudio.TestPlatform.CommandLine.TestRunResultAggregator., took 0 ms.
TpTrace Information: 0 : 32520, 7, 2023/02/02, 22:00:43.846, 487417105651, vstest.console.dll, TestRunRequest:SendTestRunMessage: Completed.
TpTrace Verbose: 0 : 32520, 7, 2023/02/02, 22:00:43.847, 487417106350, vstest.console.dll, MulticastDelegateUtilities.SafeInvoke: LengthPrefixCommunicationChannel: MessageReceived: Invoking callback 1/1 for Microsoft.VisualStudio.TestPlatform.CommunicationUtilities.TestRequestSender+<>c__DisplayClass31_0., took 0 ms.
TpTrace Verbose: 0 : 32520, 7, 2023/02/02, 22:00:43.847, 487417107267, vstest.console.dll, TcpClientExtensions.MessageLoopAsync: Polling on remoteEndPoint: 127.0.0.1:62031 localEndPoint: 127.0.0.1:62029
TpTrace Verbose: 0 : 32520, 4, 2023/02/02, 22:00:43.857, 487417213881, vstest.console.dll, MulticastDelegateUtilities.SafeInvoke: InternalTestLoggerEvents.SendTestResult: Invoking callback 1/1 for Microsoft.VisualStudio.TestPlatform.CommandLine.Internal.ConsoleLogger., took 12 ms.
TpTrace Verbose: 0 : 32520, 4, 2023/02/02, 22:00:43.858, 487417219899, vstest.console.dll, MulticastDelegateUtilities.SafeInvoke: InternalTestLoggerEvents.SendTestResult: Invoking callback 1/1 for Microsoft.VisualStudio.TestPlatform.CommandLine.Internal.ConsoleLogger., took 0 ms.
TpTrace Verbose: 0 : 32520, 4, 2023/02/02, 22:00:43.858, 487417221771, vstest.console.dll, MulticastDelegateUtilities.SafeInvoke: InternalTestLoggerEvents.SendTestResult: Invoking callback 1/1 for Microsoft.VisualStudio.TestPlatform.CommandLine.Internal.ConsoleLogger., took 0 ms.
TpTrace Verbose: 0 : 32520, 4, 2023/02/02, 22:00:43.858, 487417222931, vstest.console.dll, MulticastDelegateUtilities.SafeInvoke: InternalTestLoggerEvents.SendTestResult: Invoking callback 1/1 for Microsoft.VisualStudio.TestPlatform.CommandLine.Internal.ConsoleLogger., took 0 ms.
TpTrace Verbose: 0 : 32520, 4, 2023/02/02, 22:00:43.858, 487417223946, vstest.console.dll, MulticastDelegateUtilities.SafeInvoke: InternalTestLoggerEvents.SendTestResult: Invoking callback 1/1 for Microsoft.VisualStudio.TestPlatform.CommandLine.Internal.ConsoleLogger., took 0 ms.
TpTrace Verbose: 0 : 32520, 4, 2023/02/02, 22:00:43.858, 487417224898, vstest.console.dll, MulticastDelegateUtilities.SafeInvoke: InternalTestLoggerEvents.SendTestResult: Invoking callback 1/1 for Microsoft.VisualStudio.TestPlatform.CommandLine.Internal.ConsoleLogger., took 0 ms.
TpTrace Verbose: 0 : 32520, 4, 2023/02/02, 22:00:43.859, 487417226063, vstest.console.dll, MulticastDelegateUtilities.SafeInvoke: InternalTestLoggerEvents.SendTestResult: Invoking callback 1/1 for Microsoft.VisualStudio.TestPlatform.CommandLine.Internal.ConsoleLogger., took 0 ms.
TpTrace Verbose: 0 : 32520, 4, 2023/02/02, 22:00:43.859, 487417227007, vstest.console.dll, MulticastDelegateUtilities.SafeInvoke: InternalTestLoggerEvents.SendTestResult: Invoking callback 1/1 for Microsoft.VisualStudio.TestPlatform.CommandLine.Internal.ConsoleLogger., took 0 ms.
TpTrace Verbose: 0 : 32520, 4, 2023/02/02, 22:00:43.859, 487417227954, vstest.console.dll, MulticastDelegateUtilities.SafeInvoke: InternalTestLoggerEvents.SendTestResult: Invoking callback 1/1 for Microsoft.VisualStudio.TestPlatform.CommandLine.Internal.ConsoleLogger., took 0 ms.
TpTrace Verbose: 0 : 32520, 4, 2023/02/02, 22:00:43.859, 487417228768, vstest.console.dll, MulticastDelegateUtilities.SafeInvoke: InternalTestLoggerEvents.SendTestRunMessage: Invoking callback 1/1 for Microsoft.VisualStudio.TestPlatform.CommandLine.Internal.ConsoleLogger., took 0 ms.
TpTrace Verbose: 0 : 32520, 7, 2023/02/02, 22:00:43.869, 487417330649, vstest.console.dll, TcpClientExtensions.MessageLoopAsync: NotifyDataAvailable remoteEndPoint: 127.0.0.1:62031 localEndPoint: 127.0.0.1:62029
TpTrace Verbose: 0 : 32520, 7, 2023/02/02, 22:00:43.869, 487417333456, vstest.console.dll, TestRequestSender.OnExecutionMessageReceived: Received message: {"Version":7,"MessageType":"TestExecution.Completed","Payload":{"TestRunCompleteArgs":{"TestRunStatistics":{"ExecutedTests":13,"Stats":{"Passed":13}},"IsCanceled":false,"IsAborted":false,"Error":null,"AttachmentSets":[],"InvokedDataCollectors":[],"ElapsedTimeInRunningTests":"00:00:01.3244881","Metrics":{},"DiscoveredExtensions":{"TestDiscoverers":["Xunit.Runner.VisualStudio.VsTestRunner, xunit.runner.visualstudio.dotnetcore.testadapter, Version=2.4.0.0, Culture=neutral, PublicKeyToken=8d05b1bb7a6fdb6c"],"TestExecutors":["executor://xunit/VsTestRunner2/netcoreapp"],"TestExecutors2":[],"TestSettingsProviders":[]}},"LastRunTests":{"NewTestResults":[{"TestCase":{"Id":"4181b35c-fdab-f911-e176-fca60997b513","FullyQualifiedName":"DigitalJukebox.Test.Model.JukeboxTest.givenJukeboxWasSwitchedToOnThenPlayListIsFilledWithFiveSongs","DisplayName":"DigitalJukebox.Test.Model.JukeboxTest.givenJukeboxWasSwitchedToOnThenPlayListIsFilledWithFiveSongs","ExecutorUri":"executor://xunit/VsTestRunner2/netcoreapp","Source":"C:\\Users\\CarlosGamboa\\Development\\apps\\Jukebox\\Jukebox.Test\\bin\\Debug\\net7.0\\fine-code-coverage\\build-output\\DigitalJukebox.Domain.Test.dll","CodeFilePath":null,"LineNumber":0,"Properties":[]},"Attachments":[],"Outcome":1,"ErrorMessage":null,"ErrorStackTrace":null,"DisplayName":"DigitalJukebox.Test.Model.JukeboxTest.givenJukeboxWasSwitchedToOnThenPlayListIsFilledWithFiveSongs","Messages":[],"ComputerName":"DESKTOP-PKJ7OKM","Duration":"00:00:00.0158295","StartTime":"2023-02-03T03:00:43.7269681+00:00","EndTime":"2023-02-03T03:00:43.7269684+00:00","Properties":[]},{"TestCase":{"Id":"146ca250-debc-0133-7c71-5f56c0acdcf8","FullyQualifiedName":"DigitalJukebox.Test.Model.JukeboxTest.jukeboxCanPauseSong","DisplayName":"DigitalJukebox.Test.Model.JukeboxTest.jukeboxCanPauseSong","ExecutorUri":"executor://xunit/VsTestRunner2/netcoreapp","Source":"C:\\Users\\CarlosGamboa\\Development\\apps\\Jukebox\\Jukebox.Test\\bin\\Debug\\net7.0\\fine-code-coverage\\build-output\\DigitalJukebox.Domain.Test.dll","CodeFilePath":null,"LineNumber":0,"Properties":[]},"Attachments":[],"Outcome":1,"ErrorMessage":null,"ErrorStackTrace":null,"DisplayName":"DigitalJukebox.Test.Model.JukeboxTest.jukeboxCanPauseSong","Messages":[],"ComputerName":"DESKTOP-PKJ7OKM","Duration":"00:00:00.0012941","StartTime":"2023-02-03T03:00:43.7355943+00:00","EndTime":"2023-02-03T03:00:43.7355946+00:00","Properties":[]},{"TestCase":{"Id":"28638e7c-f6a0-5655-9a89-b747673742e7","FullyQualifiedName":"DigitalJukebox.Test.Model.JukeboxTest.canCreateJukeBox","DisplayName":"DigitalJukebox.Test.Model.JukeboxTest.canCreateJukeBox","ExecutorUri":"executor://xunit/VsTestRunner2/netcoreapp","Source":"C:\\Users\\CarlosGamboa\\Development\\apps\\Jukebox\\Jukebox.Test\\bin\\Debug\\net7.0\\fine-code-coverage\\build-output\\DigitalJukebox.Domain.Test.dll","CodeFilePath":null,"LineNumber":0,"Properties":[]},"Attachments":[],"Outcome":1,"ErrorMessage":null,"ErrorStackTrace":null,"DisplayName":"DigitalJukebox.Test.Model.JukeboxTest.canCreateJukeBox","Messages":[],"ComputerName":"DESKTOP-PKJ7OKM","Duration":"00:00:00.0008648","StartTime":"2023-02-03T03:00:43.7421245+00:00","EndTime":"2023-02-03T03:00:43.7421249+00:00","Properties":[]},{"TestCase":{"Id":"cb4c76b2-8457-0fa0-026f-a68456e6c2e7","FullyQualifiedName":"DigitalJukebox.Test.Model.JukeboxTest.givenJukeboxIsOffThenPlayListIsEmpty","DisplayName":"DigitalJukebox.Test.Model.JukeboxTest.givenJukeboxIsOffThenPlayListIsEmpty","ExecutorUri":"executor://xunit/VsTestRunner2/netcoreapp","Source":"C:\\Users\\CarlosGamboa\\Development\\apps\\Jukebox\\Jukebox.Test\\bin\\Debug\\net7.0\\fine-code-coverage\\build-output\\DigitalJukebox.Domain.Test.dll","CodeFilePath":null,"LineNumber":0,"Properties":[]},"Attachments":[],"Outcome":1,"ErrorMessage":null,"ErrorStackTrace":null,"DisplayName":"DigitalJukebox.Test.Model.JukeboxTest.givenJukeboxIsOffThenPlayListIsEmpty","Messages":[],"ComputerName":"DESKTOP-PKJ7OKM","Duration":"00:00:00.0006346","StartTime":"2023-02-03T03:00:43.7586698+00:00","EndTime":"2023-02-03T03:00:43.7586709+00:00","Properties":[]}],"TestRunStatistics":{"ExecutedTests":13,"Stats":{"Passed":13}},"ActiveTests":[]},"RunAttachments":[],"ExecutorUris":["executor://xunit/VsTestRunner2/netcoreapp"]}}
TpTrace Verbose: 0 : 32520, 7, 2023/02/02, 22:00:43.869, 487417335518, vstest.console.dll, TestRequestSender.EndSession: Sending end session.
TpTrace Verbose: 0 : 32520, 7, 2023/02/02, 22:00:43.870, 487417338718, vstest.console.dll, ProxyOperationManager.Close: waiting for test host to exit for 100 ms
TpTrace Warning: 0 : 32520, 11, 2023/02/02, 22:00:43.919, 487417834373, vstest.console.dll, TestHostManagerCallbacks.ErrorReceivedCallback Test host standard error line: 
TpTrace Verbose: 0 : 32520, 11, 2023/02/02, 22:00:43.981, 487418450891, vstest.console.dll, TestHostProvider.ExitCallBack: Host exited starting callback.
TpTrace Information: 0 : 32520, 11, 2023/02/02, 22:00:43.982, 487418456060, vstest.console.dll, TestHostManagerCallbacks.ExitCallBack: Testhost processId: 30628 exited with exitcode: 0 error: ''
TpTrace Verbose: 0 : 32520, 11, 2023/02/02, 22:00:43.982, 487418457092, vstest.console.dll, DotnetTestHostManager.OnHostExited: invoking OnHostExited callback
TpTrace Verbose: 0 : 32520, 11, 2023/02/02, 22:00:43.982, 487418458001, vstest.console.dll, CrossPlatEngine.TestHostManagerHostExited: calling on client process exit callback.
TpTrace Information: 0 : 32520, 11, 2023/02/02, 22:00:43.982, 487418458910, vstest.console.dll, TestRequestSender.OnClientProcessExit: Test host process exited. Standard error: 
TpTrace Information: 0 : 32520, 11, 2023/02/02, 22:00:43.982, 487418459674, vstest.console.dll, SocketServer.Stop: Stop server endPoint: 127.0.0.1:62029
TpTrace Information: 0 : 32520, 11, 2023/02/02, 22:00:43.982, 487418460181, vstest.console.dll, SocketServer.Stop: Cancellation requested. Stopping message loop.
TpTrace Verbose: 0 : 32520, 11, 2023/02/02, 22:00:43.982, 487418461893, vstest.console.dll, MulticastDelegateUtilities.SafeInvoke: HostProviderEvents.OnHostExited: Invoking callback 1/1 for Microsoft.VisualStudio.TestPlatform.CrossPlatEngine.Client.ProxyOperationManager., took 0 ms.
TpTrace Information: 0 : 32520, 7, 2023/02/02, 22:00:43.982, 487418462857, vstest.console.dll, SocketServer.Stop: Stop server endPoint: 127.0.0.1:62029
TpTrace Information: 0 : 32520, 7, 2023/02/02, 22:00:43.982, 487418463788, vstest.console.dll, SocketServer.Stop: Cancellation requested. Stopping message loop.
TpTrace Information: 0 : 32520, 7, 2023/02/02, 22:00:43.982, 487418464611, vstest.console.dll, Closing the connection
TpTrace Verbose: 0 : 32520, 7, 2023/02/02, 22:00:43.983, 487418468232, vstest.console.dll, ProxyDataCollectionManager.InvokeDataCollectionServiceAction: Starting.
TpTrace Information: 0 : 32520, 7, 2023/02/02, 22:00:43.983, 487418469105, vstest.console.dll, ProxyDataCollectionManager.AfterTestRunEnd: Get attachment set and invoked data collectors processId: 23260 port: 62026
TpTrace Verbose: 0 : 32520, 7, 2023/02/02, 22:00:43.983, 487418469883, vstest.console.dll, DataCollectionRequestSender.SendAfterTestRunStartAndGetResult: Send AfterTestRunEnd message with isCancelled: False
TpTrace Verbose: 0 : 32520, 7, 2023/02/02, 22:00:43.998, 487418620457, vstest.console.dll, DataCollectionRequestSender.SendAfterTestRunStartAndGetResult: Received message: (DataCollection.AfterTestRunEndResult) -> {"MessageType":"DataCollection.AfterTestRunEndResult","Payload":{"AttachmentSets":[],"InvokedDataCollectors":[{"Uri":"datacollector://Microsoft/TestPlatform/Extensions/Blame/v1","FriendlyName":"Blame","AssemblyQualifiedName":"Microsoft.TestPlatform.Extensions.BlameDataCollector.BlameCollector, Microsoft.TestPlatform.Extensions.BlameDataCollector, Version=15.0.0.0, Culture=neutral, PublicKeyToken=b03f5f7f11d50a3a","FilePath":"C:\\Program Files\\dotnet\\sdk\\7.0.100\\Extensions\\Microsoft.TestPlatform.Extensions.BlameDataCollector.dll","HasAttachmentProcessor":false}],"Metrics":{}}}
TpTrace Information: 0 : 32520, 7, 2023/02/02, 22:00:44.007, 487418715657, vstest.console.dll, ProxyDataCollectionManager.InvokeDataCollectionServiceAction: Completed.
TpTrace Warning: 0 : 32520, 9, 2023/02/02, 22:00:44.020, 487418844735, vstest.console.dll, DataCollectionLauncher.ErrorReceivedCallback datacollector standard error line: 
TpTrace Information: 0 : 32520, 9, 2023/02/02, 22:00:44.037, 487419006131, vstest.console.dll, DataCollectionLauncher.ExitCallBack: Data collector exited with exitcode: 0 error: ''
TpTrace Verbose: 0 : 32520, 7, 2023/02/02, 22:00:44.073, 487419367429, vstest.console.dll, TestRunRequest:SendTestRunStatsChange: Starting.
TpTrace Verbose: 0 : 32520, 7, 2023/02/02, 22:00:44.073, 487419370480, vstest.console.dll, MulticastDelegateUtilities.SafeInvoke: TestRun.RunStatsChanged: Invoking callbacks was skipped because there are no subscribers.
TpTrace Verbose: 0 : 32520, 4, 2023/02/02, 22:00:44.073, 487419371125, vstest.console.dll, MulticastDelegateUtilities.SafeInvoke: InternalTestLoggerEvents.SendTestResult: Invoking callback 1/1 for Microsoft.VisualStudio.TestPlatform.CommandLine.Internal.ConsoleLogger., took 0 ms.
TpTrace Information: 0 : 32520, 7, 2023/02/02, 22:00:44.073, 487419371211, vstest.console.dll, TestRunRequest:SendTestRunStatsChange: Completed.
TpTrace Verbose: 0 : 32520, 4, 2023/02/02, 22:00:44.073, 487419372334, vstest.console.dll, MulticastDelegateUtilities.SafeInvoke: InternalTestLoggerEvents.SendTestResult: Invoking callback 1/1 for Microsoft.VisualStudio.TestPlatform.CommandLine.Internal.ConsoleLogger., took 0 ms.
TpTrace Verbose: 0 : 32520, 4, 2023/02/02, 22:00:44.073, 487419373880, vstest.console.dll, MulticastDelegateUtilities.SafeInvoke: InternalTestLoggerEvents.SendTestResult: Invoking callback 1/1 for Microsoft.VisualStudio.TestPlatform.CommandLine.Internal.ConsoleLogger., took 0 ms.
TpTrace Verbose: 0 : 32520, 7, 2023/02/02, 22:00:44.074, 487419385416, vstest.console.dll, ParallelProxyExecutionManager: HandlePartialRunComplete: Total completed clients = 1, Run complete = True, Run canceled: False.
TpTrace Verbose: 0 : 32520, 4, 2023/02/02, 22:00:44.075, 487419391238, vstest.console.dll, MulticastDelegateUtilities.SafeInvoke: InternalTestLoggerEvents.SendTestResult: Invoking callback 1/1 for Microsoft.VisualStudio.TestPlatform.CommandLine.Internal.ConsoleLogger., took 1 ms.
TpTrace Verbose: 0 : 32520, 4, 2023/02/02, 22:00:44.091, 487419548568, vstest.console.dll, MulticastDelegateUtilities.SafeInvoke: InternalTestLoggerEvents.SendTestRunComplete: Invoking callback 1/2 for Microsoft.TestPlatform.Extensions.BlameDataCollector.BlameLogger., took 0 ms.
TpTrace Verbose: 0 : 32520, 4, 2023/02/02, 22:00:44.104, 487419681214, vstest.console.dll, MulticastDelegateUtilities.SafeInvoke: InternalTestLoggerEvents.SendTestRunComplete: Invoking callback 2/2 for Microsoft.VisualStudio.TestPlatform.CommandLine.Internal.ConsoleLogger., took 13 ms.
TpTrace Verbose: 0 : 32520, 7, 2023/02/02, 22:00:44.105, 487419686214, vstest.console.dll, TestRunRequest:TestRunComplete: Starting. IsAborted:False IsCanceled:False.
TpTrace Verbose: 0 : 32520, 7, 2023/02/02, 22:00:44.108, 487419716111, vstest.console.dll, TestLoggerManager.HandleTestRunComplete: Ignoring as the object is disposed.
TpTrace Verbose: 0 : 32520, 7, 2023/02/02, 22:00:44.108, 487419720455, vstest.console.dll, MulticastDelegateUtilities.SafeInvoke: TestRun.TestRunComplete: Invoking callback 1/2 for Microsoft.VisualStudio.TestPlatform.CommandLine.TestRunResultAggregator., took 0 ms.
TpTrace Verbose: 0 : 32520, 7, 2023/02/02, 22:00:44.108, 487419724602, vstest.console.dll, MulticastDelegateUtilities.SafeInvoke: TestRun.TestRunComplete: Invoking callback 2/2 for Microsoft.VisualStudio.TestPlatform.CommandLine.Processors.RunTestsArgumentExecutor+TestRunRequestEventsRegistrar., took 0 ms.
TpTrace Information: 0 : 32520, 7, 2023/02/02, 22:00:44.109, 487419726277, vstest.console.dll, TestRunRequest:TestRunComplete: Completed.
TpTrace Verbose: 0 : 32520, 7, 2023/02/02, 22:00:44.109, 487419727033, vstest.console.dll, TestRequestSender.SetOperationComplete: Setting operation complete.
TpTrace Information: 0 : 32520, 7, 2023/02/02, 22:00:44.109, 487419727574, vstest.console.dll, SocketServer.Stop: Stop server endPoint: 127.0.0.1:62029
TpTrace Information: 0 : 32520, 7, 2023/02/02, 22:00:44.109, 487419727998, vstest.console.dll, SocketServer.Stop: Cancellation requested. Stopping message loop.
TpTrace Verbose: 0 : 32520, 1, 2023/02/02, 22:00:44.109, 487419728245, vstest.console.dll, TestRunRequest.Dispose: Starting.
TpTrace Verbose: 0 : 32520, 7, 2023/02/02, 22:00:44.109, 487419728455, vstest.console.dll, MulticastDelegateUtilities.SafeInvoke: LengthPrefixCommunicationChannel: MessageReceived: Invoking callback 1/1 for Microsoft.VisualStudio.TestPlatform.CommunicationUtilities.TestRequestSender+<>c__DisplayClass31_0., took 239 ms.
TpTrace Information: 0 : 32520, 1, 2023/02/02, 22:00:44.109, 487419729510, vstest.console.dll, TestRunRequest.Dispose: Completed.
TpTrace Information: 0 : 32520, 7, 2023/02/02, 22:00:44.109, 487419730472, vstest.console.dll, SocketServer.PrivateStop: Stopping server endPoint: 127.0.0.1:62029 error: 
TpTrace Information: 0 : 32520, 1, 2023/02/02, 22:00:44.109, 487419731139, vstest.console.dll, TestRequestManager.RunTests: run tests completed.
TpTrace Information: 0 : 32520, 1, 2023/02/02, 22:00:44.109, 487419735267, vstest.console.dll, RunTestsArgumentProcessor:Execute: Test run is completed.
TpTrace Verbose: 0 : 32520, 7, 2023/02/02, 22:00:44.110, 487419738754, vstest.console.dll, LengthPrefixCommunicationChannel.Dispose: Dispose reader and writer.
TpTrace Verbose: 0 : 32520, 1, 2023/02/02, 22:00:44.110, 487419738786, vstest.console.dll, Executor.Execute: Exiting with exit code of 0
TpTrace Information: 0 : 32520, 7, 2023/02/02, 22:00:44.110, 487419740226, vstest.console.dll, SocketServer.Stop: Raise disconnected event endPoint: 127.0.0.1:62029 error: 
TpTrace Verbose: 0 : 32520, 7, 2023/02/02, 22:00:44.110, 487419743322, vstest.console.dll, TestRequestSender: OnTestRunAbort: Operation is already complete. Skip error message.
TpTrace Verbose: 0 : 32520, 7, 2023/02/02, 22:00:44.110, 487419744244, vstest.console.dll, MulticastDelegateUtilities.SafeInvoke: SocketServer: ClientDisconnected: Invoking callback 1/1 for Microsoft.VisualStudio.TestPlatform.CommunicationUtilities.TestRequestSender., took 0 ms.
TpTrace Verbose: 0 : 32520, 7, 2023/02/02, 22:00:44.110, 487419744795, vstest.console.dll, TcpClientExtensions.MessageLoopAsync: exiting MessageLoopAsync remoteEndPoint: 127.0.0.1:62031 localEndPoint: 127.0.0.1:62029
